#
# There is insufficient memory for the Java Runtime Environment to continue.
# Native memory allocation (mmap) failed to map 322961408 bytes. Error detail: G1 virtual space
# Possible reasons:
#   The system is out of physical RAM or swap space
#   This process is running with CompressedOops enabled, and the Java Heap may be blocking the growth of the native heap
# Possible solutions:
#   Reduce memory load on the system
#   Increase physical memory or swap space
#   Check if swap backing store is full
#   Decrease Java heap size (-Xmx/-Xms)
#   Decrease number of Java threads
#   Decrease Java thread stack sizes (-Xss)
#   Set larger code cache with -XX:ReservedCodeCacheSize=
#   JVM is running with Zero Based Compressed Oops mode in which the Java heap is
#     placed in the first 32GB address space. The Java Heap base address is the
#     maximum limit for the native heap growth. Please use -XX:HeapBaseMinAddress
#     to set the Java Heap base and to place the Java Heap above 32GB virtual address.
# This output file may be truncated or incomplete.
#
#  Out of Memory Error (os_windows.cpp:3618), pid=24700, tid=25204
#
# JRE version: OpenJDK Runtime Environment Temurin-17.0.18+8 (17.0.18+8) (build 17.0.18+8)
# Java VM: OpenJDK 64-Bit Server VM Temurin-17.0.18+8 (17.0.18+8, mixed mode, sharing, tiered, compressed oops, compressed class ptrs, g1 gc, windows-amd64)
# No core dump will be written. Minidumps are not enabled by default on client versions of Windows
#

---------------  S U M M A R Y ------------

Command Line: -Djdk.tls.client.protocols=TLSv1.2,TLSv1.3 --add-opens=java.base/java.lang=ALL-UNNAMED --add-opens=java.base/java.lang.invoke=ALL-UNNAMED --add-opens=java.base/java.util=ALL-UNNAMED --add-opens=java.prefs/java.util.prefs=ALL-UNNAMED --add-exports=jdk.compiler/com.sun.tools.javac.api=ALL-UNNAMED --add-exports=jdk.compiler/com.sun.tools.javac.util=ALL-UNNAMED --add-opens=java.base/java.util=ALL-UNNAMED --add-opens=java.prefs/java.util.prefs=ALL-UNNAMED --add-opens=java.base/java.nio.charset=ALL-UNNAMED --add-opens=java.base/java.net=ALL-UNNAMED --add-opens=java.base/java.util.concurrent.atomic=ALL-UNNAMED --add-opens=java.xml/javax.xml.namespace=ALL-UNNAMED -Xmx4096m -Dfile.encoding=windows-1252 -Duser.country=IN -Duser.language=en -Duser.variant -javaagent:C:\Users\SanjayS\.gradle\wrapper\dists\gradle-8.14-all\c2qonpi39x1mddn7hk5gh9iqj\gradle-8.14\lib\agents\gradle-instrumentation-agent-8.14.jar org.gradle.launcher.daemon.bootstrap.GradleDaemon 8.14

Host: Intel(R) Pentium(R) Gold G6400 CPU @ 4.00GHz, 4 cores, 7G,  Windows 10 , 64 bit Build 19041 (10.0.19041.5915)
Time: Thu Mar 26 18:22:42 2026 India Standard Time elapsed time: 682.018710 seconds (0d 0h 11m 22s)

---------------  T H R E A D  ---------------

Current thread (0x000001cdcb7c1df0):  VMThread "VM Thread" [stack: 0x0000009d23500000,0x0000009d23600000] [id=25204]

Stack: [0x0000009d23500000,0x0000009d23600000]
Native frames: (J=compiled Java code, j=interpreted, Vv=VM code, C=native code)
V  [jvm.dll+0x6846f9]
V  [jvm.dll+0x839ea5]
V  [jvm.dll+0x83b91e]
V  [jvm.dll+0x83bfa3]
V  [jvm.dll+0x248eff]
V  [jvm.dll+0x6814b9]
V  [jvm.dll+0x6762ba]
V  [jvm.dll+0x309257]
V  [jvm.dll+0x310826]
V  [jvm.dll+0x360d9e]
V  [jvm.dll+0x360fdd]
V  [jvm.dll+0x2e02dc]
V  [jvm.dll+0x2de6b2]
V  [jvm.dll+0x2dde4c]
V  [jvm.dll+0x320aeb]
V  [jvm.dll+0x8407bd]
V  [jvm.dll+0x8414f3]
V  [jvm.dll+0x841a1f]
V  [jvm.dll+0x841e05]
V  [jvm.dll+0x841ece]
V  [jvm.dll+0x7eaaec]
V  [jvm.dll+0x6835c7]
C  [ucrtbase.dll+0x21bb2]
C  [KERNEL32.DLL+0x17374]
C  [ntdll.dll+0x4cc91]

VM_Operation (0x0000009d24cf4200): G1CollectForAllocation, mode: safepoint, requested by thread 0x000001cdcba09060


---------------  P R O C E S S  ---------------

Threads class SMR info:
_java_thread_list=0x000001ce171581c0, length=34, elements={
0x000001cda87ef9a0, 0x000001cdcb7c8800, 0x000001cdcb7c9590, 0x000001cdcb7dc2e0,
0x000001cdcb7ddf20, 0x000001cdcb7e2810, 0x000001cdcb7e30e0, 0x000001cdcb7e3d90,
0x000001cdcb7e8770, 0x000001cdcb960020, 0x000001cdcb7acc60, 0x000001cdcba5dbc0,
0x000001ce11bb0500, 0x000001cdcb95c490, 0x000001ce1252d6f0, 0x000001ce117b2640,
0x000001cdcb95a440, 0x000001cdcba0c810, 0x000001cdcba09060, 0x000001cdcba0b8e0,
0x000001cdcba09570, 0x000001cdcba0a9b0, 0x000001cdcba0aec0, 0x000001cdcba09a80,
0x000001cdcba0a4a0, 0x000001cdcba09f90, 0x000001cdcba0c300, 0x000001cdcba0b3d0,
0x000001ce134be240, 0x000001ce134c00a0, 0x000001ce134c1f00, 0x000001ce134c0ac0,
0x000001ce134c14e0, 0x000001ce134bdd30
}

Java Threads: ( => current thread )
  0x000001cda87ef9a0 JavaThread "main" [_thread_blocked, id=24760, stack(0x0000009d22f00000,0x0000009d23000000)]
  0x000001cdcb7c8800 JavaThread "Reference Handler" daemon [_thread_blocked, id=24924, stack(0x0000009d23600000,0x0000009d23700000)]
  0x000001cdcb7c9590 JavaThread "Finalizer" daemon [_thread_blocked, id=25168, stack(0x0000009d23700000,0x0000009d23800000)]
  0x000001cdcb7dc2e0 JavaThread "Signal Dispatcher" daemon [_thread_blocked, id=25064, stack(0x0000009d23800000,0x0000009d23900000)]
  0x000001cdcb7ddf20 JavaThread "Attach Listener" daemon [_thread_blocked, id=25100, stack(0x0000009d23900000,0x0000009d23a00000)]
  0x000001cdcb7e2810 JavaThread "Service Thread" daemon [_thread_blocked, id=25076, stack(0x0000009d23a00000,0x0000009d23b00000)]
  0x000001cdcb7e30e0 JavaThread "Monitor Deflation Thread" daemon [_thread_blocked, id=24960, stack(0x0000009d23b00000,0x0000009d23c00000)]
  0x000001cdcb7e3d90 JavaThread "C2 CompilerThread0" daemon [_thread_blocked, id=25008, stack(0x0000009d23c00000,0x0000009d23d00000)]
  0x000001cdcb7e8770 JavaThread "C1 CompilerThread0" daemon [_thread_blocked, id=25332, stack(0x0000009d23d00000,0x0000009d23e00000)]
  0x000001cdcb960020 JavaThread "Sweeper thread" daemon [_thread_blocked, id=25340, stack(0x0000009d23e00000,0x0000009d23f00000)]
  0x000001cdcb7acc60 JavaThread "Common-Cleaner" daemon [_thread_blocked, id=25004, stack(0x0000009d23f00000,0x0000009d24000000)]
  0x000001cdcba5dbc0 JavaThread "Notification Thread" daemon [_thread_blocked, id=25160, stack(0x0000009d24000000,0x0000009d24100000)]
  0x000001ce11bb0500 JavaThread "Daemon health stats" [_thread_blocked, id=9728, stack(0x0000009d24600000,0x0000009d24700000)]
  0x000001cdcb95c490 JavaThread "Incoming local TCP Connector on port 64230" [_thread_in_native, id=25176, stack(0x0000009d24700000,0x0000009d24800000)]
  0x000001ce1252d6f0 JavaThread "Daemon periodic checks" [_thread_blocked, id=21088, stack(0x0000009d24800000,0x0000009d24900000)]
  0x000001ce117b2640 JavaThread "Daemon" [_thread_blocked, id=21872, stack(0x0000009d24900000,0x0000009d24a00000)]
  0x000001cdcb95a440 JavaThread "Handler for socket connection from /127.0.0.1:64230 to /127.0.0.1:64233" [_thread_in_native, id=16772, stack(0x0000009d24a00000,0x0000009d24b00000)]
  0x000001cdcba0c810 JavaThread "Cancel handler" [_thread_blocked, id=7888, stack(0x0000009d24b00000,0x0000009d24c00000)]
  0x000001cdcba09060 JavaThread "Daemon worker" [_thread_blocked, id=19208, stack(0x0000009d24c00000,0x0000009d24d00000)]
  0x000001cdcba0b8e0 JavaThread "Asynchronous log dispatcher for DefaultDaemonConnection: socket connection from /127.0.0.1:64230 to /127.0.0.1:64233" [_thread_blocked, id=23324, stack(0x0000009d24d00000,0x0000009d24e00000)]
  0x000001cdcba09570 JavaThread "Stdin handler" [_thread_blocked, id=16576, stack(0x0000009d24e00000,0x0000009d24f00000)]
  0x000001cdcba0a9b0 JavaThread "Daemon client event forwarder" [_thread_blocked, id=13456, stack(0x0000009d24f00000,0x0000009d25000000)]
  0x000001cdcba0aec0 JavaThread "Cache worker for journal cache (C:\Users\SanjayS\.gradle\caches\journal-1)" [_thread_blocked, id=19876, stack(0x0000009d25000000,0x0000009d25100000)]
  0x000001cdcba09a80 JavaThread "File lock request listener" [_thread_in_native, id=1736, stack(0x0000009d25100000,0x0000009d25200000)]
  0x000001cdcba0a4a0 JavaThread "Cache worker for file hash cache (C:\Users\SanjayS\.gradle\caches\8.14\fileHashes)" [_thread_blocked, id=2280, stack(0x0000009d25200000,0x0000009d25300000)]
  0x000001cdcba09f90 JavaThread "Cache worker for file hash cache (C:\Users\SanjayS\BurnhamEye\burnham_eye\android\.gradle\8.14\fileHashes)" [_thread_blocked, id=16676, stack(0x0000009d25300000,0x0000009d25400000)]
  0x000001cdcba0c300 JavaThread "Cache worker for Build Output Cleanup Cache (C:\Users\SanjayS\BurnhamEye\burnham_eye\android\.gradle\buildOutputCleanup)" [_thread_blocked, id=20112, stack(0x0000009d25400000,0x0000009d25500000)]
  0x000001cdcba0b3d0 JavaThread "File watcher server" daemon [_thread_in_native, id=4500, stack(0x0000009d25500000,0x0000009d25600000)]
  0x000001ce134be240 JavaThread "File watcher consumer" daemon [_thread_blocked, id=24828, stack(0x0000009d25600000,0x0000009d25700000)]
  0x000001ce134c00a0 JavaThread "Cache worker for checksums cache (C:\Users\SanjayS\BurnhamEye\burnham_eye\android\.gradle\8.14\checksums)" [_thread_blocked, id=2224, stack(0x0000009d22d00000,0x0000009d22e00000)]
  0x000001ce134c1f00 JavaThread "Cache worker for file content cache (C:\Users\SanjayS\.gradle\caches\8.14\fileContent)" [_thread_blocked, id=3156, stack(0x0000009d22e00000,0x0000009d22f00000)]
  0x000001ce134c0ac0 JavaThread "Cache worker for cache directory md-supplier (C:\Users\SanjayS\.gradle\caches\8.14\md-supplier)" [_thread_blocked, id=24096, stack(0x0000009d25700000,0x0000009d25800000)]
  0x000001ce134c14e0 JavaThread "Cache worker for cache directory md-rule (C:\Users\SanjayS\.gradle\caches\8.14\md-rule)" [_thread_blocked, id=19356, stack(0x0000009d25800000,0x0000009d25900000)]
  0x000001ce134bdd30 JavaThread "Cache worker for Build Output Cleanup Cache (C:\Users\SanjayS\flutter\packages\flutter_tools\gradle\.gradle\buildOutputCleanup)" [_thread_blocked, id=9984, stack(0x0000009d25900000,0x0000009d25a00000)]

Other Threads:
=>0x000001cdcb7c1df0 VMThread "VM Thread" [stack: 0x0000009d23500000,0x0000009d23600000] [id=25204]
  0x000001cdcbac5860 WatcherThread [stack: 0x0000009d24100000,0x0000009d24200000] [id=25060]
  0x000001cda885c520 GCTaskThread "GC Thread#0" [stack: 0x0000009d23000000,0x0000009d23100000] [id=21432]
  0x000001cdcbcfe990 GCTaskThread "GC Thread#1" [stack: 0x0000009d24200000,0x0000009d24300000] [id=1648]
  0x000001cdcbcfec50 GCTaskThread "GC Thread#2" [stack: 0x0000009d24300000,0x0000009d24400000] [id=25376]
  0x000001ce11786450 GCTaskThread "GC Thread#3" [stack: 0x0000009d24400000,0x0000009d24500000] [id=25116]
  0x000001cda886d380 ConcurrentGCThread "G1 Main Marker" [stack: 0x0000009d23100000,0x0000009d23200000] [id=1980]
  0x000001cda886dcb0 ConcurrentGCThread "G1 Conc#0" [stack: 0x0000009d23200000,0x0000009d23300000] [id=4172]
  0x000001cda8896cf0 ConcurrentGCThread "G1 Refine#0" [stack: 0x0000009d23300000,0x0000009d23400000] [id=25292]
  0x000001cdcbcfbbc0 ConcurrentGCThread "G1 Refine#1" [stack: 0x0000009d24500000,0x0000009d24600000] [id=25372]
  0x000001cda8897630 ConcurrentGCThread "G1 Service" [stack: 0x0000009d23400000,0x0000009d23500000] [id=25288]

Threads with active compile tasks:
C2 CompilerThread0  682392 12191       4       org.gradle.internal.service.DefaultServiceRegistry$OwnServices::getService (317 bytes)

VM state: at safepoint (normal execution)

VM Mutex/Monitor currently owned by a thread:  ([mutex/lock_event])
[0x000001cda87eb760] Threads_lock - owner thread: 0x000001cdcb7c1df0
[0x000001cda87ecde0] Heap_lock - owner thread: 0x000001cdcba09060

Heap address: 0x0000000700000000, size: 4096 MB, Compressed Oops mode: Zero based, Oop shift amount: 3

CDS archive(s) mapped at: [0x000001cdcc000000-0x000001cdccbb0000-0x000001cdccbb0000), size 12255232, SharedBaseAddress: 0x000001cdcc000000, ArchiveRelocationMode: 1.
Compressed class space mapped at: 0x000001cdcd000000-0x000001ce0d000000, reserved size: 1073741824
Narrow klass base: 0x000001cdcc000000, Narrow klass shift: 0, Narrow klass range: 0x100000000

GC Precious Log:
 CPUs: 4 total, 4 available
 Memory: 8058M
 Large Page Support: Disabled
 NUMA Support: Disabled
 Compressed Oops: Enabled (Zero based)
 Heap Region Size: 2M
 Heap Min Capacity: 8M
 Heap Initial Capacity: 126M
 Heap Max Capacity: 4G
 Pre-touch: Disabled
 Parallel Workers: 4
 Concurrent Workers: 1
 Concurrent Refinement Workers: 4
 Periodic GC: Disabled

Heap:
 garbage-first heap   total 491520K, used 94320K [0x0000000700000000, 0x0000000800000000)
  region size 2048K, 1 young (2048K), 1 survivors (2048K)
 Metaspace       used 106992K, committed 107648K, reserved 1179648K
  class space    used 13475K, committed 13760K, reserved 1048576K

Heap Regions: E=young(eden), S=young(survivor), O=old, HS=humongous(starts), HC=humongous(continues), CS=collection set, F=free, OA=open archive, CA=closed archive, TAMS=top-at-mark-start (previous, next)
|   0|0x0000000700000000, 0x0000000700200000, 0x0000000700200000|100%| O|  |TAMS 0x0000000700200000, 0x0000000700000000| Untracked 
|   1|0x0000000700200000, 0x0000000700400000, 0x0000000700400000|100%|HS|  |TAMS 0x0000000700400000, 0x0000000700200000| Complete 
|   2|0x0000000700400000, 0x0000000700600000, 0x0000000700600000|100%|HC|  |TAMS 0x0000000700600000, 0x0000000700400000| Complete 
|   3|0x0000000700600000, 0x0000000700800000, 0x0000000700800000|100%| O|  |TAMS 0x0000000700800000, 0x0000000700600000| Untracked 
|   4|0x0000000700800000, 0x0000000700a00000, 0x0000000700a00000|100%| O|  |TAMS 0x0000000700a00000, 0x0000000700800000| Untracked 
|   5|0x0000000700a00000, 0x0000000700c00000, 0x0000000700c00000|100%| O|  |TAMS 0x0000000700c00000, 0x0000000700a00000| Untracked 
|   6|0x0000000700c00000, 0x0000000700e00000, 0x0000000700e00000|100%| O|  |TAMS 0x0000000700e00000, 0x0000000700c00000| Untracked 
|   7|0x0000000700e00000, 0x0000000701000000, 0x0000000701000000|100%| O|  |TAMS 0x0000000701000000, 0x0000000700e00000| Untracked 
|   8|0x0000000701000000, 0x0000000701046400, 0x0000000701200000| 13%| O|  |TAMS 0x0000000701046400, 0x0000000701000000| Untracked 
|   9|0x0000000701200000, 0x0000000701400000, 0x0000000701400000|100%| O|  |TAMS 0x0000000701400000, 0x0000000701200000| Untracked 
|  10|0x0000000701400000, 0x0000000701600000, 0x0000000701600000|100%| O|  |TAMS 0x0000000701600000, 0x0000000701400000| Untracked 
|  11|0x0000000701600000, 0x0000000701800000, 0x0000000701800000|100%| O|  |TAMS 0x0000000701800000, 0x0000000701600000| Untracked 
|  12|0x0000000701800000, 0x0000000701a00000, 0x0000000701a00000|100%| O|  |TAMS 0x0000000701a00000, 0x0000000701800000| Untracked 
|  13|0x0000000701a00000, 0x0000000701c00000, 0x0000000701c00000|100%| O|  |TAMS 0x0000000701c00000, 0x0000000701a00000| Untracked 
|  14|0x0000000701c00000, 0x0000000701e00000, 0x0000000701e00000|100%| O|  |TAMS 0x0000000701e00000, 0x0000000701c00000| Untracked 
|  15|0x0000000701e00000, 0x0000000702000000, 0x0000000702000000|100%| O|  |TAMS 0x0000000702000000, 0x0000000701e00000| Untracked 
|  16|0x0000000702000000, 0x0000000702200000, 0x0000000702200000|100%| O|  |TAMS 0x0000000702200000, 0x0000000702000000| Untracked 
|  17|0x0000000702200000, 0x0000000702400000, 0x0000000702400000|100%| O|  |TAMS 0x0000000702400000, 0x0000000702200000| Untracked 
|  18|0x0000000702400000, 0x0000000702600000, 0x0000000702600000|100%| O|  |TAMS 0x0000000702600000, 0x0000000702400000| Untracked 
|  19|0x0000000702600000, 0x0000000702800000, 0x0000000702800000|100%| O|  |TAMS 0x0000000702800000, 0x0000000702600000| Untracked 
|  20|0x0000000702800000, 0x0000000702a00000, 0x0000000702a00000|100%| O|  |TAMS 0x0000000702a00000, 0x0000000702800000| Untracked 
|  21|0x0000000702a00000, 0x0000000702c00000, 0x0000000702c00000|100%| O|  |TAMS 0x0000000702c00000, 0x0000000702a00000| Untracked 
|  22|0x0000000702c00000, 0x0000000702e00000, 0x0000000702e00000|100%| O|  |TAMS 0x0000000702e00000, 0x0000000702c00000| Untracked 
|  23|0x0000000702e00000, 0x0000000703000000, 0x0000000703000000|100%| O|  |TAMS 0x0000000703000000, 0x0000000702e00000| Untracked 
|  24|0x0000000703000000, 0x0000000703200000, 0x0000000703200000|100%| O|  |TAMS 0x0000000703200000, 0x0000000703000000| Untracked 
|  25|0x0000000703200000, 0x0000000703400000, 0x0000000703400000|100%| O|  |TAMS 0x0000000703400000, 0x0000000703200000| Untracked 
|  26|0x0000000703400000, 0x0000000703600000, 0x0000000703600000|100%| O|  |TAMS 0x0000000703600000, 0x0000000703400000| Untracked 
|  27|0x0000000703600000, 0x0000000703800000, 0x0000000703800000|100%| O|  |TAMS 0x0000000703800000, 0x0000000703600000| Untracked 
|  28|0x0000000703800000, 0x0000000703a00000, 0x0000000703a00000|100%| O|  |TAMS 0x0000000703800000, 0x0000000703800000| Untracked 
|  29|0x0000000703a00000, 0x0000000703c00000, 0x0000000703c00000|100%| O|  |TAMS 0x0000000703c00000, 0x0000000703a00000| Untracked 
|  30|0x0000000703c00000, 0x0000000703e00000, 0x0000000703e00000|100%| O|  |TAMS 0x0000000703c00000, 0x0000000703c00000| Untracked 
|  31|0x0000000703e00000, 0x0000000704000000, 0x0000000704000000|100%| O|  |TAMS 0x0000000704000000, 0x0000000703e00000| Untracked 
|  32|0x0000000704000000, 0x0000000704200000, 0x0000000704200000|100%| O|  |TAMS 0x0000000704200000, 0x0000000704000000| Untracked 
|  33|0x0000000704200000, 0x0000000704400000, 0x0000000704400000|100%| O|  |TAMS 0x0000000704400000, 0x0000000704200000| Untracked 
|  34|0x0000000704400000, 0x0000000704600000, 0x0000000704600000|100%| O|  |TAMS 0x0000000704400000, 0x0000000704400000| Untracked 
|  35|0x0000000704600000, 0x0000000704800000, 0x0000000704800000|100%| O|  |TAMS 0x0000000704800000, 0x0000000704600000| Untracked 
|  36|0x0000000704800000, 0x0000000704a00000, 0x0000000704a00000|100%|HS|  |TAMS 0x0000000704a00000, 0x0000000704800000| Complete 
|  37|0x0000000704a00000, 0x0000000704c00000, 0x0000000704c00000|100%|HC|  |TAMS 0x0000000704c00000, 0x0000000704a00000| Complete 
|  38|0x0000000704c00000, 0x0000000704e00000, 0x0000000704e00000|100%|HC|  |TAMS 0x0000000704e00000, 0x0000000704c00000| Complete 
|  39|0x0000000704e00000, 0x0000000705000000, 0x0000000705000000|100%| O|  |TAMS 0x0000000705000000, 0x0000000704e00000| Untracked 
|  40|0x0000000705000000, 0x0000000705200000, 0x0000000705200000|100%| O|  |TAMS 0x0000000705200000, 0x0000000705000000| Untracked 
|  41|0x0000000705200000, 0x0000000705400000, 0x0000000705400000|100%| O|  |TAMS 0x0000000705400000, 0x0000000705200000| Untracked 
|  42|0x0000000705400000, 0x00000007054bd000, 0x0000000705600000| 36%| O|  |TAMS 0x00000007054bd000, 0x0000000705400000| Untracked 
|  43|0x0000000705600000, 0x0000000705800000, 0x0000000705800000|100%| O|  |TAMS 0x0000000705600000, 0x0000000705600000| Untracked 
|  44|0x0000000705800000, 0x0000000705a00000, 0x0000000705a00000|100%| O|  |TAMS 0x0000000705800000, 0x0000000705800000| Untracked 
|  45|0x0000000705a00000, 0x0000000705c00000, 0x0000000705c00000|100%| O|  |TAMS 0x0000000705a00000, 0x0000000705a00000| Untracked 
|  46|0x0000000705c00000, 0x0000000705d8c400, 0x0000000705e00000| 77%| O|  |TAMS 0x0000000705c00000, 0x0000000705c00000| Untracked 
|  47|0x0000000705e00000, 0x0000000705e00000, 0x0000000706000000|  0%| F|  |TAMS 0x0000000705e00000, 0x0000000705e00000| Untracked 
|  48|0x0000000706000000, 0x0000000706000000, 0x0000000706200000|  0%| F|  |TAMS 0x0000000706000000, 0x0000000706000000| Untracked 
|  49|0x0000000706200000, 0x0000000706200000, 0x0000000706400000|  0%| F|  |TAMS 0x0000000706200000, 0x0000000706200000| Untracked 
|  50|0x0000000706400000, 0x0000000706400000, 0x0000000706600000|  0%| F|  |TAMS 0x0000000706400000, 0x0000000706400000| Untracked 
|  51|0x0000000706600000, 0x0000000706600000, 0x0000000706800000|  0%| F|  |TAMS 0x0000000706600000, 0x0000000706600000| Untracked 
|  52|0x0000000706800000, 0x0000000706800000, 0x0000000706a00000|  0%| F|  |TAMS 0x0000000706800000, 0x0000000706800000| Untracked 
|  53|0x0000000706a00000, 0x0000000706a00000, 0x0000000706c00000|  0%| F|  |TAMS 0x0000000706a00000, 0x0000000706a00000| Untracked 
|  54|0x0000000706c00000, 0x0000000706c00000, 0x0000000706e00000|  0%| F|  |TAMS 0x0000000706c00000, 0x0000000706c00000| Untracked 
|  55|0x0000000706e00000, 0x0000000706e00000, 0x0000000707000000|  0%| F|  |TAMS 0x0000000706e00000, 0x0000000706e00000| Untracked 
|  56|0x0000000707000000, 0x0000000707000000, 0x0000000707200000|  0%| F|  |TAMS 0x0000000707000000, 0x0000000707000000| Untracked 
|  57|0x0000000707200000, 0x0000000707200000, 0x0000000707400000|  0%| F|  |TAMS 0x0000000707200000, 0x0000000707200000| Untracked 
|  58|0x0000000707400000, 0x0000000707400000, 0x0000000707600000|  0%| F|  |TAMS 0x0000000707400000, 0x0000000707400000| Untracked 
|  59|0x0000000707600000, 0x0000000707600000, 0x0000000707800000|  0%| F|  |TAMS 0x0000000707600000, 0x0000000707600000| Untracked 
|  60|0x0000000707800000, 0x0000000707800000, 0x0000000707a00000|  0%| F|  |TAMS 0x0000000707800000, 0x0000000707800000| Untracked 
|  61|0x0000000707a00000, 0x0000000707a00000, 0x0000000707c00000|  0%| F|  |TAMS 0x0000000707a00000, 0x0000000707a00000| Untracked 
|  62|0x0000000707c00000, 0x0000000707c00000, 0x0000000707e00000|  0%| F|  |TAMS 0x0000000707c00000, 0x0000000707c00000| Untracked 
|  63|0x0000000707e00000, 0x0000000707e00000, 0x0000000708000000|  0%| F|  |TAMS 0x0000000707e00000, 0x0000000707e00000| Untracked 
|  64|0x0000000708000000, 0x0000000708000000, 0x0000000708200000|  0%| F|  |TAMS 0x0000000708000000, 0x0000000708000000| Untracked 
|  65|0x0000000708200000, 0x0000000708200000, 0x0000000708400000|  0%| F|  |TAMS 0x0000000708200000, 0x0000000708200000| Untracked 
|  66|0x0000000708400000, 0x0000000708400000, 0x0000000708600000|  0%| F|  |TAMS 0x0000000708400000, 0x0000000708400000| Untracked 
|  67|0x0000000708600000, 0x0000000708600000, 0x0000000708800000|  0%| F|  |TAMS 0x0000000708600000, 0x0000000708600000| Untracked 
|  68|0x0000000708800000, 0x0000000708800000, 0x0000000708a00000|  0%| F|  |TAMS 0x0000000708800000, 0x0000000708800000| Untracked 
|  69|0x0000000708a00000, 0x0000000708a00000, 0x0000000708c00000|  0%| F|  |TAMS 0x0000000708a00000, 0x0000000708a00000| Untracked 
|  70|0x0000000708c00000, 0x0000000708c00000, 0x0000000708e00000|  0%| F|  |TAMS 0x0000000708c00000, 0x0000000708c00000| Untracked 
|  71|0x0000000708e00000, 0x0000000708e00000, 0x0000000709000000|  0%| F|  |TAMS 0x0000000708e00000, 0x0000000708e00000| Untracked 
|  72|0x0000000709000000, 0x0000000709000000, 0x0000000709200000|  0%| F|  |TAMS 0x0000000709000000, 0x0000000709000000| Untracked 
|  73|0x0000000709200000, 0x0000000709200000, 0x0000000709400000|  0%| F|  |TAMS 0x0000000709200000, 0x0000000709200000| Untracked 
|  74|0x0000000709400000, 0x0000000709400000, 0x0000000709600000|  0%| F|  |TAMS 0x0000000709400000, 0x0000000709400000| Untracked 
|  75|0x0000000709600000, 0x0000000709600000, 0x0000000709800000|  0%| F|  |TAMS 0x0000000709600000, 0x0000000709600000| Untracked 
|  76|0x0000000709800000, 0x0000000709800000, 0x0000000709a00000|  0%| F|  |TAMS 0x0000000709800000, 0x0000000709800000| Untracked 
|  77|0x0000000709a00000, 0x0000000709a00000, 0x0000000709c00000|  0%| F|  |TAMS 0x0000000709a00000, 0x0000000709a00000| Untracked 
|  78|0x0000000709c00000, 0x0000000709c00000, 0x0000000709e00000|  0%| F|  |TAMS 0x0000000709c00000, 0x0000000709c00000| Untracked 
|  79|0x0000000709e00000, 0x0000000709e00000, 0x000000070a000000|  0%| F|  |TAMS 0x0000000709e00000, 0x0000000709e00000| Untracked 
|  80|0x000000070a000000, 0x000000070a000000, 0x000000070a200000|  0%| F|  |TAMS 0x000000070a000000, 0x000000070a000000| Untracked 
|  81|0x000000070a200000, 0x000000070a200000, 0x000000070a400000|  0%| F|  |TAMS 0x000000070a200000, 0x000000070a200000| Untracked 
|  82|0x000000070a400000, 0x000000070a400000, 0x000000070a600000|  0%| F|  |TAMS 0x000000070a400000, 0x000000070a400000| Untracked 
|  83|0x000000070a600000, 0x000000070a600000, 0x000000070a800000|  0%| F|  |TAMS 0x000000070a600000, 0x000000070a600000| Untracked 
|  84|0x000000070a800000, 0x000000070a800000, 0x000000070aa00000|  0%| F|  |TAMS 0x000000070a800000, 0x000000070a800000| Untracked 
|  85|0x000000070aa00000, 0x000000070aa00000, 0x000000070ac00000|  0%| F|  |TAMS 0x000000070aa00000, 0x000000070aa00000| Untracked 
|  86|0x000000070ac00000, 0x000000070ac00000, 0x000000070ae00000|  0%| F|  |TAMS 0x000000070ac00000, 0x000000070ac00000| Untracked 
|  87|0x000000070ae00000, 0x000000070ae00000, 0x000000070b000000|  0%| F|  |TAMS 0x000000070ae00000, 0x000000070ae00000| Untracked 
|  88|0x000000070b000000, 0x000000070b000000, 0x000000070b200000|  0%| F|  |TAMS 0x000000070b000000, 0x000000070b000000| Untracked 
|  89|0x000000070b200000, 0x000000070b200000, 0x000000070b400000|  0%| F|  |TAMS 0x000000070b200000, 0x000000070b200000| Untracked 
|  90|0x000000070b400000, 0x000000070b400000, 0x000000070b600000|  0%| F|  |TAMS 0x000000070b400000, 0x000000070b400000| Untracked 
|  91|0x000000070b600000, 0x000000070b600000, 0x000000070b800000|  0%| F|  |TAMS 0x000000070b600000, 0x000000070b600000| Untracked 
|  92|0x000000070b800000, 0x000000070b800000, 0x000000070ba00000|  0%| F|  |TAMS 0x000000070b800000, 0x000000070b800000| Untracked 
|  93|0x000000070ba00000, 0x000000070ba00000, 0x000000070bc00000|  0%| F|  |TAMS 0x000000070ba00000, 0x000000070ba00000| Untracked 
|  94|0x000000070bc00000, 0x000000070bc00000, 0x000000070be00000|  0%| F|  |TAMS 0x000000070bc00000, 0x000000070bc00000| Untracked 
|  95|0x000000070be00000, 0x000000070be00000, 0x000000070c000000|  0%| F|  |TAMS 0x000000070be00000, 0x000000070be00000| Untracked 
|  96|0x000000070c000000, 0x000000070c000000, 0x000000070c200000|  0%| F|  |TAMS 0x000000070c000000, 0x000000070c000000| Untracked 
|  97|0x000000070c200000, 0x000000070c200000, 0x000000070c400000|  0%| F|  |TAMS 0x000000070c200000, 0x000000070c200000| Untracked 
|  98|0x000000070c400000, 0x000000070c400000, 0x000000070c600000|  0%| F|  |TAMS 0x000000070c400000, 0x000000070c400000| Untracked 
|  99|0x000000070c600000, 0x000000070c600000, 0x000000070c800000|  0%| F|  |TAMS 0x000000070c600000, 0x000000070c600000| Untracked 
| 100|0x000000070c800000, 0x000000070c800000, 0x000000070ca00000|  0%| F|  |TAMS 0x000000070c800000, 0x000000070c800000| Untracked 
| 101|0x000000070ca00000, 0x000000070ca00000, 0x000000070cc00000|  0%| F|  |TAMS 0x000000070ca00000, 0x000000070ca00000| Untracked 
| 102|0x000000070cc00000, 0x000000070cc00000, 0x000000070ce00000|  0%| F|  |TAMS 0x000000070cc00000, 0x000000070cc00000| Untracked 
| 103|0x000000070ce00000, 0x000000070ce00000, 0x000000070d000000|  0%| F|  |TAMS 0x000000070ce00000, 0x000000070ce00000| Untracked 
| 104|0x000000070d000000, 0x000000070d000000, 0x000000070d200000|  0%| F|  |TAMS 0x000000070d000000, 0x000000070d000000| Untracked 
| 105|0x000000070d200000, 0x000000070d200000, 0x000000070d400000|  0%| F|  |TAMS 0x000000070d200000, 0x000000070d200000| Untracked 
| 106|0x000000070d400000, 0x000000070d400000, 0x000000070d600000|  0%| F|  |TAMS 0x000000070d400000, 0x000000070d400000| Untracked 
| 107|0x000000070d600000, 0x000000070d600000, 0x000000070d800000|  0%| F|  |TAMS 0x000000070d600000, 0x000000070d600000| Untracked 
| 108|0x000000070d800000, 0x000000070d800000, 0x000000070da00000|  0%| F|  |TAMS 0x000000070d800000, 0x000000070d800000| Untracked 
| 109|0x000000070da00000, 0x000000070da00000, 0x000000070dc00000|  0%| F|  |TAMS 0x000000070da00000, 0x000000070da00000| Untracked 
| 110|0x000000070dc00000, 0x000000070dc00000, 0x000000070de00000|  0%| F|  |TAMS 0x000000070dc00000, 0x000000070dc00000| Untracked 
| 111|0x000000070de00000, 0x000000070de00000, 0x000000070e000000|  0%| F|  |TAMS 0x000000070de00000, 0x000000070de00000| Untracked 
| 112|0x000000070e000000, 0x000000070e000000, 0x000000070e200000|  0%| F|  |TAMS 0x000000070e000000, 0x000000070e000000| Untracked 
| 113|0x000000070e200000, 0x000000070e200000, 0x000000070e400000|  0%| F|  |TAMS 0x000000070e200000, 0x000000070e200000| Untracked 
| 114|0x000000070e400000, 0x000000070e400000, 0x000000070e600000|  0%| F|  |TAMS 0x000000070e400000, 0x000000070e400000| Untracked 
| 115|0x000000070e600000, 0x000000070e600000, 0x000000070e800000|  0%| F|  |TAMS 0x000000070e600000, 0x000000070e600000| Untracked 
| 116|0x000000070e800000, 0x000000070e800000, 0x000000070ea00000|  0%| F|  |TAMS 0x000000070e800000, 0x000000070e800000| Untracked 
| 117|0x000000070ea00000, 0x000000070ea00000, 0x000000070ec00000|  0%| F|  |TAMS 0x000000070ea00000, 0x000000070ea00000| Untracked 
| 118|0x000000070ec00000, 0x000000070ec00000, 0x000000070ee00000|  0%| F|  |TAMS 0x000000070ec00000, 0x000000070ec00000| Untracked 
| 119|0x000000070ee00000, 0x000000070ee00000, 0x000000070f000000|  0%| F|  |TAMS 0x000000070ee00000, 0x000000070ee00000| Untracked 
| 120|0x000000070f000000, 0x000000070f000000, 0x000000070f200000|  0%| F|  |TAMS 0x000000070f000000, 0x000000070f000000| Untracked 
| 121|0x000000070f200000, 0x000000070f200000, 0x000000070f400000|  0%| F|  |TAMS 0x000000070f200000, 0x000000070f200000| Untracked 
| 122|0x000000070f400000, 0x000000070f400000, 0x000000070f600000|  0%| F|  |TAMS 0x000000070f400000, 0x000000070f400000| Untracked 
| 123|0x000000070f600000, 0x000000070f600000, 0x000000070f800000|  0%| F|  |TAMS 0x000000070f600000, 0x000000070f600000| Untracked 
| 124|0x000000070f800000, 0x000000070f800000, 0x000000070fa00000|  0%| F|  |TAMS 0x000000070f800000, 0x000000070f800000| Untracked 
| 125|0x000000070fa00000, 0x000000070fa00000, 0x000000070fc00000|  0%| F|  |TAMS 0x000000070fa00000, 0x000000070fa00000| Untracked 
| 126|0x000000070fc00000, 0x000000070fc00000, 0x000000070fe00000|  0%| F|  |TAMS 0x000000070fc00000, 0x000000070fc00000| Untracked 
| 127|0x000000070fe00000, 0x000000070fe00000, 0x0000000710000000|  0%| F|  |TAMS 0x000000070fe00000, 0x000000070fe00000| Untracked 
| 128|0x0000000710000000, 0x0000000710000000, 0x0000000710200000|  0%| F|  |TAMS 0x0000000710000000, 0x0000000710000000| Untracked 
| 129|0x0000000710200000, 0x0000000710200000, 0x0000000710400000|  0%| F|  |TAMS 0x0000000710200000, 0x0000000710200000| Untracked 
| 130|0x0000000710400000, 0x0000000710400000, 0x0000000710600000|  0%| F|  |TAMS 0x0000000710400000, 0x0000000710400000| Untracked 
| 131|0x0000000710600000, 0x0000000710600000, 0x0000000710800000|  0%| F|  |TAMS 0x0000000710600000, 0x0000000710600000| Untracked 
| 132|0x0000000710800000, 0x0000000710800000, 0x0000000710a00000|  0%| F|  |TAMS 0x0000000710800000, 0x0000000710800000| Untracked 
| 133|0x0000000710a00000, 0x0000000710a00000, 0x0000000710c00000|  0%| F|  |TAMS 0x0000000710a00000, 0x0000000710a00000| Untracked 
| 134|0x0000000710c00000, 0x0000000710c00000, 0x0000000710e00000|  0%| F|  |TAMS 0x0000000710c00000, 0x0000000710c00000| Untracked 
| 135|0x0000000710e00000, 0x0000000710e00000, 0x0000000711000000|  0%| F|  |TAMS 0x0000000710e00000, 0x0000000710e00000| Untracked 
| 136|0x0000000711000000, 0x0000000711000000, 0x0000000711200000|  0%| F|  |TAMS 0x0000000711000000, 0x0000000711000000| Untracked 
| 137|0x0000000711200000, 0x0000000711200000, 0x0000000711400000|  0%| F|  |TAMS 0x0000000711200000, 0x0000000711200000| Untracked 
| 138|0x0000000711400000, 0x0000000711400000, 0x0000000711600000|  0%| F|  |TAMS 0x0000000711400000, 0x0000000711400000| Untracked 
| 139|0x0000000711600000, 0x0000000711600000, 0x0000000711800000|  0%| F|  |TAMS 0x0000000711600000, 0x0000000711600000| Untracked 
| 140|0x0000000711800000, 0x0000000711800000, 0x0000000711a00000|  0%| F|  |TAMS 0x0000000711800000, 0x0000000711800000| Untracked 
| 141|0x0000000711a00000, 0x0000000711a00000, 0x0000000711c00000|  0%| F|  |TAMS 0x0000000711a00000, 0x0000000711a00000| Untracked 
| 142|0x0000000711c00000, 0x0000000711c00000, 0x0000000711e00000|  0%| F|  |TAMS 0x0000000711c00000, 0x0000000711c00000| Untracked 
| 143|0x0000000711e00000, 0x0000000711e00000, 0x0000000712000000|  0%| F|  |TAMS 0x0000000711e00000, 0x0000000711e00000| Untracked 
| 144|0x0000000712000000, 0x0000000712000000, 0x0000000712200000|  0%| F|  |TAMS 0x0000000712000000, 0x0000000712000000| Untracked 
| 145|0x0000000712200000, 0x0000000712200000, 0x0000000712400000|  0%| F|  |TAMS 0x0000000712200000, 0x0000000712200000| Untracked 
| 146|0x0000000712400000, 0x0000000712400000, 0x0000000712600000|  0%| F|  |TAMS 0x0000000712400000, 0x0000000712400000| Untracked 
| 147|0x0000000712600000, 0x0000000712600000, 0x0000000712800000|  0%| F|  |TAMS 0x0000000712600000, 0x0000000712600000| Untracked 
| 148|0x0000000712800000, 0x0000000712800000, 0x0000000712a00000|  0%| F|  |TAMS 0x0000000712800000, 0x0000000712800000| Untracked 
| 149|0x0000000712a00000, 0x0000000712a00000, 0x0000000712c00000|  0%| F|  |TAMS 0x0000000712a00000, 0x0000000712a00000| Untracked 
| 150|0x0000000712c00000, 0x0000000712c00000, 0x0000000712e00000|  0%| F|  |TAMS 0x0000000712c00000, 0x0000000712c00000| Untracked 
| 151|0x0000000712e00000, 0x0000000712e00000, 0x0000000713000000|  0%| F|  |TAMS 0x0000000712e00000, 0x0000000712e00000| Untracked 
| 152|0x0000000713000000, 0x0000000713000000, 0x0000000713200000|  0%| F|  |TAMS 0x0000000713000000, 0x0000000713000000| Untracked 
| 153|0x0000000713200000, 0x0000000713200000, 0x0000000713400000|  0%| F|  |TAMS 0x0000000713200000, 0x0000000713200000| Untracked 
| 154|0x0000000713400000, 0x0000000713400000, 0x0000000713600000|  0%| F|  |TAMS 0x0000000713400000, 0x0000000713400000| Untracked 
| 155|0x0000000713600000, 0x0000000713600000, 0x0000000713800000|  0%| F|  |TAMS 0x0000000713600000, 0x0000000713600000| Untracked 
| 156|0x0000000713800000, 0x0000000713800000, 0x0000000713a00000|  0%| F|  |TAMS 0x0000000713800000, 0x0000000713800000| Untracked 
| 157|0x0000000713a00000, 0x0000000713a00000, 0x0000000713c00000|  0%| F|  |TAMS 0x0000000713a00000, 0x0000000713a00000| Untracked 
| 158|0x0000000713c00000, 0x0000000713c00000, 0x0000000713e00000|  0%| F|  |TAMS 0x0000000713c00000, 0x0000000713c00000| Untracked 
| 159|0x0000000713e00000, 0x0000000713e00000, 0x0000000714000000|  0%| F|  |TAMS 0x0000000713e00000, 0x0000000713e00000| Untracked 
| 160|0x0000000714000000, 0x0000000714000000, 0x0000000714200000|  0%| F|  |TAMS 0x0000000714000000, 0x0000000714000000| Untracked 
| 161|0x0000000714200000, 0x0000000714200000, 0x0000000714400000|  0%| F|  |TAMS 0x0000000714200000, 0x0000000714200000| Untracked 
| 162|0x0000000714400000, 0x0000000714400000, 0x0000000714600000|  0%| F|  |TAMS 0x0000000714400000, 0x0000000714400000| Untracked 
| 163|0x0000000714600000, 0x0000000714600000, 0x0000000714800000|  0%| F|  |TAMS 0x0000000714600000, 0x0000000714600000| Untracked 
| 164|0x0000000714800000, 0x0000000714800000, 0x0000000714a00000|  0%| F|  |TAMS 0x0000000714800000, 0x0000000714800000| Untracked 
| 165|0x0000000714a00000, 0x0000000714a00000, 0x0000000714c00000|  0%| F|  |TAMS 0x0000000714a00000, 0x0000000714a00000| Untracked 
| 166|0x0000000714c00000, 0x0000000714c00000, 0x0000000714e00000|  0%| F|  |TAMS 0x0000000714c00000, 0x0000000714c00000| Untracked 
| 167|0x0000000714e00000, 0x0000000714e00000, 0x0000000715000000|  0%| F|  |TAMS 0x0000000714e00000, 0x0000000714e00000| Untracked 
| 168|0x0000000715000000, 0x0000000715000000, 0x0000000715200000|  0%| F|  |TAMS 0x0000000715000000, 0x0000000715000000| Untracked 
| 169|0x0000000715200000, 0x0000000715200000, 0x0000000715400000|  0%| F|  |TAMS 0x0000000715200000, 0x0000000715200000| Untracked 
| 170|0x0000000715400000, 0x0000000715400000, 0x0000000715600000|  0%| F|  |TAMS 0x0000000715400000, 0x0000000715400000| Untracked 
| 171|0x0000000715600000, 0x0000000715600000, 0x0000000715800000|  0%| F|  |TAMS 0x0000000715600000, 0x0000000715600000| Untracked 
| 172|0x0000000715800000, 0x0000000715800000, 0x0000000715a00000|  0%| F|  |TAMS 0x0000000715800000, 0x0000000715800000| Untracked 
| 173|0x0000000715a00000, 0x0000000715a00000, 0x0000000715c00000|  0%| F|  |TAMS 0x0000000715a00000, 0x0000000715a00000| Untracked 
| 174|0x0000000715c00000, 0x0000000715c00000, 0x0000000715e00000|  0%| F|  |TAMS 0x0000000715c00000, 0x0000000715c00000| Untracked 
| 175|0x0000000715e00000, 0x0000000715e00000, 0x0000000716000000|  0%| F|  |TAMS 0x0000000715e00000, 0x0000000715e00000| Untracked 
| 176|0x0000000716000000, 0x0000000716000000, 0x0000000716200000|  0%| F|  |TAMS 0x0000000716000000, 0x0000000716000000| Untracked 
| 177|0x0000000716200000, 0x0000000716200000, 0x0000000716400000|  0%| F|  |TAMS 0x0000000716200000, 0x0000000716200000| Untracked 
| 178|0x0000000716400000, 0x0000000716400000, 0x0000000716600000|  0%| F|  |TAMS 0x0000000716400000, 0x0000000716400000| Untracked 
| 179|0x0000000716600000, 0x0000000716600000, 0x0000000716800000|  0%| F|  |TAMS 0x0000000716600000, 0x0000000716600000| Untracked 
| 180|0x0000000716800000, 0x0000000716800000, 0x0000000716a00000|  0%| F|  |TAMS 0x0000000716800000, 0x0000000716800000| Untracked 
| 181|0x0000000716a00000, 0x0000000716a00000, 0x0000000716c00000|  0%| F|  |TAMS 0x0000000716a00000, 0x0000000716a00000| Untracked 
| 182|0x0000000716c00000, 0x0000000716c00000, 0x0000000716e00000|  0%| F|  |TAMS 0x0000000716c00000, 0x0000000716c00000| Untracked 
| 183|0x0000000716e00000, 0x0000000716e00000, 0x0000000717000000|  0%| F|  |TAMS 0x0000000716e00000, 0x0000000716e00000| Untracked 
| 184|0x0000000717000000, 0x0000000717000000, 0x0000000717200000|  0%| F|  |TAMS 0x0000000717000000, 0x0000000717000000| Untracked 
| 185|0x0000000717200000, 0x0000000717200000, 0x0000000717400000|  0%| F|  |TAMS 0x0000000717200000, 0x0000000717200000| Untracked 
| 186|0x0000000717400000, 0x0000000717400000, 0x0000000717600000|  0%| F|  |TAMS 0x0000000717400000, 0x0000000717400000| Untracked 
| 187|0x0000000717600000, 0x0000000717600000, 0x0000000717800000|  0%| F|  |TAMS 0x0000000717600000, 0x0000000717600000| Untracked 
| 188|0x0000000717800000, 0x0000000717800000, 0x0000000717a00000|  0%| F|  |TAMS 0x0000000717800000, 0x0000000717800000| Untracked 
| 189|0x0000000717a00000, 0x0000000717b8cb58, 0x0000000717c00000| 77%| S|CS|TAMS 0x0000000717a00000, 0x0000000717a00000| Complete 
| 190|0x0000000717c00000, 0x0000000717c00000, 0x0000000717e00000|  0%| F|  |TAMS 0x0000000717c00000, 0x0000000717c00000| Untracked 
| 191|0x0000000717e00000, 0x0000000717e00000, 0x0000000718000000|  0%| F|  |TAMS 0x0000000717e00000, 0x0000000717e00000| Untracked 
| 192|0x0000000718000000, 0x0000000718000000, 0x0000000718200000|  0%| F|  |TAMS 0x0000000718000000, 0x0000000718000000| Untracked 
| 193|0x0000000718200000, 0x0000000718200000, 0x0000000718400000|  0%| F|  |TAMS 0x0000000718200000, 0x0000000718200000| Untracked 
| 194|0x0000000718400000, 0x0000000718400000, 0x0000000718600000|  0%| F|  |TAMS 0x0000000718400000, 0x0000000718400000| Untracked 
| 195|0x0000000718600000, 0x0000000718600000, 0x0000000718800000|  0%| F|  |TAMS 0x0000000718600000, 0x0000000718600000| Untracked 
| 196|0x0000000718800000, 0x0000000718800000, 0x0000000718a00000|  0%| F|  |TAMS 0x0000000718800000, 0x0000000718800000| Untracked 
| 197|0x0000000718a00000, 0x0000000718a00000, 0x0000000718c00000|  0%| F|  |TAMS 0x0000000718a00000, 0x0000000718a00000| Untracked 
| 198|0x0000000718c00000, 0x0000000718c00000, 0x0000000718e00000|  0%| F|  |TAMS 0x0000000718c00000, 0x0000000718c00000| Untracked 
| 199|0x0000000718e00000, 0x0000000718e00000, 0x0000000719000000|  0%| F|  |TAMS 0x0000000718e00000, 0x0000000718e00000| Untracked 
| 200|0x0000000719000000, 0x0000000719000000, 0x0000000719200000|  0%| F|  |TAMS 0x0000000719000000, 0x0000000719000000| Untracked 
| 201|0x0000000719200000, 0x0000000719200000, 0x0000000719400000|  0%| F|  |TAMS 0x0000000719200000, 0x0000000719200000| Untracked 
| 202|0x0000000719400000, 0x0000000719400000, 0x0000000719600000|  0%| F|  |TAMS 0x0000000719400000, 0x0000000719400000| Untracked 
| 203|0x0000000719600000, 0x0000000719600000, 0x0000000719800000|  0%| F|  |TAMS 0x0000000719600000, 0x0000000719600000| Untracked 
| 204|0x0000000719800000, 0x0000000719800000, 0x0000000719a00000|  0%| F|  |TAMS 0x0000000719800000, 0x0000000719800000| Untracked 
| 205|0x0000000719a00000, 0x0000000719a00000, 0x0000000719c00000|  0%| F|  |TAMS 0x0000000719a00000, 0x0000000719a00000| Untracked 
| 206|0x0000000719c00000, 0x0000000719c00000, 0x0000000719e00000|  0%| F|  |TAMS 0x0000000719c00000, 0x0000000719c00000| Untracked 
| 207|0x0000000719e00000, 0x0000000719e00000, 0x000000071a000000|  0%| F|  |TAMS 0x0000000719e00000, 0x0000000719e00000| Untracked 
| 208|0x000000071a000000, 0x000000071a000000, 0x000000071a200000|  0%| F|  |TAMS 0x000000071a000000, 0x000000071a000000| Untracked 
| 209|0x000000071a200000, 0x000000071a200000, 0x000000071a400000|  0%| F|  |TAMS 0x000000071a200000, 0x000000071a200000| Untracked 
| 210|0x000000071a400000, 0x000000071a400000, 0x000000071a600000|  0%| F|  |TAMS 0x000000071a400000, 0x000000071a400000| Untracked 
| 211|0x000000071a600000, 0x000000071a600000, 0x000000071a800000|  0%| F|  |TAMS 0x000000071a600000, 0x000000071a600000| Untracked 
| 212|0x000000071a800000, 0x000000071a800000, 0x000000071aa00000|  0%| F|  |TAMS 0x000000071a800000, 0x000000071a800000| Untracked 
| 213|0x000000071aa00000, 0x000000071aa00000, 0x000000071ac00000|  0%| F|  |TAMS 0x000000071aa00000, 0x000000071aa00000| Untracked 
| 214|0x000000071ac00000, 0x000000071ac00000, 0x000000071ae00000|  0%| F|  |TAMS 0x000000071ac00000, 0x000000071ac00000| Untracked 
| 215|0x000000071ae00000, 0x000000071ae00000, 0x000000071b000000|  0%| F|  |TAMS 0x000000071ae00000, 0x000000071ae00000| Untracked 
| 216|0x000000071b000000, 0x000000071b000000, 0x000000071b200000|  0%| F|  |TAMS 0x000000071b000000, 0x000000071b000000| Untracked 
| 217|0x000000071b200000, 0x000000071b200000, 0x000000071b400000|  0%| F|  |TAMS 0x000000071b200000, 0x000000071b200000| Untracked 
| 218|0x000000071b400000, 0x000000071b400000, 0x000000071b600000|  0%| F|  |TAMS 0x000000071b400000, 0x000000071b400000| Untracked 
| 219|0x000000071b600000, 0x000000071b600000, 0x000000071b800000|  0%| F|  |TAMS 0x000000071b600000, 0x000000071b600000| Untracked 
| 220|0x000000071b800000, 0x000000071b800000, 0x000000071ba00000|  0%| F|  |TAMS 0x000000071b800000, 0x000000071b800000| Untracked 
| 221|0x000000071ba00000, 0x000000071ba00000, 0x000000071bc00000|  0%| F|  |TAMS 0x000000071ba00000, 0x000000071ba00000| Untracked 
| 222|0x000000071bc00000, 0x000000071bc00000, 0x000000071be00000|  0%| F|  |TAMS 0x000000071bc00000, 0x000000071bc00000| Untracked 
| 223|0x000000071be00000, 0x000000071be00000, 0x000000071c000000|  0%| F|  |TAMS 0x000000071be00000, 0x000000071be00000| Untracked 
| 224|0x000000071c000000, 0x000000071c000000, 0x000000071c200000|  0%| F|  |TAMS 0x000000071c000000, 0x000000071c000000| Untracked 
| 225|0x000000071c200000, 0x000000071c200000, 0x000000071c400000|  0%| F|  |TAMS 0x000000071c200000, 0x000000071c200000| Untracked 
| 226|0x000000071c400000, 0x000000071c400000, 0x000000071c600000|  0%| F|  |TAMS 0x000000071c400000, 0x000000071c400000| Untracked 
| 227|0x000000071c600000, 0x000000071c600000, 0x000000071c800000|  0%| F|  |TAMS 0x000000071c600000, 0x000000071c600000| Untracked 
| 228|0x000000071c800000, 0x000000071c800000, 0x000000071ca00000|  0%| F|  |TAMS 0x000000071c800000, 0x000000071c800000| Untracked 
| 229|0x000000071ca00000, 0x000000071ca00000, 0x000000071cc00000|  0%| F|  |TAMS 0x000000071ca00000, 0x000000071ca00000| Untracked 
| 230|0x000000071cc00000, 0x000000071cc00000, 0x000000071ce00000|  0%| F|  |TAMS 0x000000071cc00000, 0x000000071cc00000| Untracked 
| 231|0x000000071ce00000, 0x000000071ce00000, 0x000000071d000000|  0%| F|  |TAMS 0x000000071ce00000, 0x000000071ce00000| Untracked 
| 232|0x000000071d000000, 0x000000071d000000, 0x000000071d200000|  0%| F|  |TAMS 0x000000071d000000, 0x000000071d000000| Untracked 
| 233|0x000000071d200000, 0x000000071d200000, 0x000000071d400000|  0%| F|  |TAMS 0x000000071d200000, 0x000000071d200000| Untracked 
| 234|0x000000071d400000, 0x000000071d400000, 0x000000071d600000|  0%| F|  |TAMS 0x000000071d400000, 0x000000071d400000| Untracked 
| 235|0x000000071d600000, 0x000000071d600000, 0x000000071d800000|  0%| F|  |TAMS 0x000000071d600000, 0x000000071d600000| Untracked 
| 236|0x000000071d800000, 0x000000071d800000, 0x000000071da00000|  0%| F|  |TAMS 0x000000071d800000, 0x000000071d800000| Untracked 
| 237|0x000000071da00000, 0x000000071da00000, 0x000000071dc00000|  0%| F|  |TAMS 0x000000071da00000, 0x000000071da00000| Untracked 
| 238|0x000000071dc00000, 0x000000071dc00000, 0x000000071de00000|  0%| F|  |TAMS 0x000000071dc00000, 0x000000071dc00000| Untracked 
| 239|0x000000071de00000, 0x000000071de00000, 0x000000071e000000|  0%| F|  |TAMS 0x000000071de00000, 0x000000071de00000| Untracked 

Card table byte_map: [0x000001cdc01e0000,0x000001cdc09e0000] _byte_map_base: 0x000001cdbc9e0000

Marking Bits (Prev, Next): (CMBitMap*) 0x000001cda885ca90, (CMBitMap*) 0x000001cda885ca50
 Prev Bits: [0x000001cdc51e0000, 0x000001cdc91e0000)
 Next Bits: [0x000001cdc11e0000, 0x000001cdc51e0000)

Polling page: 0x000001cda6ea0000

Metaspace:

Usage:
  Non-class:     91.32 MB used.
      Class:     13.16 MB used.
       Both:    104.49 MB used.

Virtual space:
  Non-class space:      128.00 MB reserved,      91.69 MB ( 72%) committed,  2 nodes.
      Class space:        1.00 GB reserved,      13.44 MB (  1%) committed,  1 nodes.
             Both:        1.12 GB reserved,     105.12 MB (  9%) committed. 

Chunk freelists:
   Non-Class:  3.47 MB
       Class:  2.45 MB
        Both:  5.92 MB

MaxMetaspaceSize: unlimited
CompressedClassSpaceSize: 1.00 GB
Initial GC threshold: 21.00 MB
Current GC threshold: 168.88 MB
CDS: on
MetaspaceReclaimPolicy: balanced
 - commit_granule_bytes: 65536.
 - commit_granule_words: 8192.
 - virtual_space_node_default_size: 8388608.
 - enlarge_chunks_in_place: 1.
 - new_chunks_are_fully_committed: 0.
 - uncommit_free_chunks: 1.
 - use_allocation_guard: 0.
 - handle_deallocations: 1.


Internal statistics:

num_allocs_failed_limit: 21.
num_arena_births: 836.
num_arena_deaths: 0.
num_vsnodes_births: 3.
num_vsnodes_deaths: 0.
num_space_committed: 1680.
num_space_uncommitted: 0.
num_chunks_returned_to_freelist: 21.
num_chunks_taken_from_freelist: 4698.
num_chunk_merges: 18.
num_chunk_splits: 3644.
num_chunks_enlarged: 3039.
num_inconsistent_stats: 0.

CodeHeap 'non-profiled nmethods': size=120000Kb used=7367Kb max_used=7715Kb free=112632Kb
 bounds [0x000001cdb7e90000, 0x000001cdb8620000, 0x000001cdbf3c0000]
CodeHeap 'profiled nmethods': size=120000Kb used=20980Kb max_used=20980Kb free=99019Kb
 bounds [0x000001cdb03c0000, 0x000001cdb1840000, 0x000001cdb78f0000]
CodeHeap 'non-nmethods': size=5760Kb used=1830Kb max_used=1902Kb free=3930Kb
 bounds [0x000001cdb78f0000, 0x000001cdb7b60000, 0x000001cdb7e90000]
 total_blobs=10738 nmethods=9790 adapters=859
 compilation: enabled
              stopped_count=0, restarted_count=0
 full_count=0

Compilation events (20 events):
Event: 681.598 Thread 0x000001cdcb7e8770 12207       3       org.gradle.internal.instantiation.generator.AbstractClassGenerator$DslMixInPropertyType::claimPropertyImplementation (21 bytes)
Event: 681.598 Thread 0x000001cdcb7e8770 nmethod 12207 0x000001cdb1832310 code [0x000001cdb18324c0, 0x000001cdb18326a8]
Event: 681.598 Thread 0x000001cdcb7e8770 12208       3       org.gradle.internal.instantiation.generator.AbstractClassGenerator$ServicesPropertyHandler::claimPropertyImplementation (40 bytes)
Event: 681.599 Thread 0x000001cdcb7e8770 nmethod 12208 0x000001cdb1832790 code [0x000001cdb18329c0, 0x000001cdb1833258]
Event: 681.599 Thread 0x000001cdcb7e8770 12209       3       org.gradle.internal.instantiation.generator.AbstractClassGenerator$NamePropertyHandler::claimPropertyImplementation (16 bytes)
Event: 681.599 Thread 0x000001cdcb7e8770 nmethod 12209 0x000001cdb1833590 code [0x000001cdb1833740, 0x000001cdb18339a8]
Event: 681.599 Thread 0x000001cdcb7e8770 12211       1       com.google.common.collect.LinkedHashMultimap$ValueEntry::setPredecessorInValueSet (6 bytes)
Event: 681.599 Thread 0x000001cdcb7e8770 nmethod 12211 0x000001cdb8127890 code [0x000001cdb8127a20, 0x000001cdb8127b38]
Event: 681.599 Thread 0x000001cdcb7e8770 12212       1       com.google.common.collect.LinkedHashMultimap$ValueSet::setPredecessorInValueSet (6 bytes)
Event: 681.599 Thread 0x000001cdcb7e8770 nmethod 12212 0x000001cdb8127590 code [0x000001cdb8127720, 0x000001cdb8127838]
Event: 681.603 Thread 0x000001cdcb7e8770 12214       3       org.gradle.internal.instantiation.generator.AsmBackedClassGenerator$ClassBuilderImpl::addLazyGetter (24 bytes)
Event: 681.603 Thread 0x000001cdcb7e8770 nmethod 12214 0x000001cdb1833a90 code [0x000001cdb1833ca0, 0x000001cdb1834318]
Event: 681.603 Thread 0x000001cdcb7e8770 12215       3       org.gradle.internal.instantiation.generator.AsmBackedClassGenerator$ClassBuilderImpl$$Lambda$153/0x000001cdcd1ce980::<init> (32 bytes)
Event: 681.603 Thread 0x000001cdcb7e8770 nmethod 12215 0x000001cdb1834590 code [0x000001cdb1834740, 0x000001cdb1834a98]
Event: 681.603 Thread 0x000001cdcb7e8770 12216       3       org.gradle.internal.instantiation.generator.AsmBackedClassGenerator$ClassBuilderImpl$$Lambda$153/0x000001cdcd1ce980::emit (25 bytes)
Event: 681.603 Thread 0x000001cdcb7e8770 nmethod 12216 0x000001cdb1834b90 code [0x000001cdb1834d40, 0x000001cdb1834ea8]
Event: 681.639 Thread 0x000001cdcb7e8770 12217       3       sun.reflect.annotation.AnnotationParser::parseMemberValue (230 bytes)
Event: 681.641 Thread 0x000001cdcb7e8770 nmethod 12217 0x000001cdb1834f90 code [0x000001cdb18354a0, 0x000001cdb1837b88]
Event: 681.644 Thread 0x000001cdcb7e8770 12218       3       org.gradle.internal.service.InjectUtil::selectConstructor (167 bytes)
Event: 681.646 Thread 0x000001cdcb7e8770 nmethod 12218 0x000001cdb1838810 code [0x000001cdb1838e80, 0x000001cdb183c7c8]

GC Heap History (20 events):
Event: 673.262 GC heap after
{Heap after GC invocations=145 (full 0):
 garbage-first heap   total 491520K, used 83591K [0x0000000700000000, 0x0000000800000000)
  region size 2048K, 2 young (4096K), 2 survivors (4096K)
 Metaspace       used 103011K, committed 103680K, reserved 1179648K
  class space    used 12934K, committed 13248K, reserved 1048576K
}
Event: 674.268 GC heap before
{Heap before GC invocations=146 (full 0):
 garbage-first heap   total 301056K, used 93831K [0x0000000700000000, 0x0000000800000000)
  region size 2048K, 7 young (14336K), 2 survivors (4096K)
 Metaspace       used 104068K, committed 104768K, reserved 1179648K
  class space    used 13123K, committed 13440K, reserved 1048576K
}
Event: 674.295 GC heap after
{Heap after GC invocations=147 (full 0):
 garbage-first heap   total 301056K, used 84226K [0x0000000700000000, 0x0000000800000000)
  region size 2048K, 1 young (2048K), 1 survivors (2048K)
 Metaspace       used 104068K, committed 104768K, reserved 1179648K
  class space    used 13123K, committed 13440K, reserved 1048576K
}
Event: 675.902 GC heap before
{Heap before GC invocations=147 (full 0):
 garbage-first heap   total 301056K, used 96514K [0x0000000700000000, 0x0000000800000000)
  region size 2048K, 7 young (14336K), 1 survivors (2048K)
 Metaspace       used 105401K, committed 106112K, reserved 1179648K
  class space    used 13333K, committed 13632K, reserved 1048576K
}
Event: 675.914 GC heap after
{Heap after GC invocations=148 (full 0):
 garbage-first heap   total 301056K, used 82898K [0x0000000700000000, 0x0000000800000000)
  region size 2048K, 1 young (2048K), 1 survivors (2048K)
 Metaspace       used 105401K, committed 106112K, reserved 1179648K
  class space    used 13333K, committed 13632K, reserved 1048576K
}
Event: 676.284 GC heap before
{Heap before GC invocations=148 (full 0):
 garbage-first heap   total 301056K, used 95186K [0x0000000700000000, 0x0000000800000000)
  region size 2048K, 7 young (14336K), 1 survivors (2048K)
 Metaspace       used 105401K, committed 106112K, reserved 1179648K
  class space    used 13333K, committed 13632K, reserved 1048576K
}
Event: 676.303 GC heap after
{Heap after GC invocations=149 (full 0):
 garbage-first heap   total 301056K, used 82958K [0x0000000700000000, 0x0000000800000000)
  region size 2048K, 1 young (2048K), 1 survivors (2048K)
 Metaspace       used 105401K, committed 106112K, reserved 1179648K
  class space    used 13333K, committed 13632K, reserved 1048576K
}
Event: 676.793 GC heap before
{Heap before GC invocations=149 (full 0):
 garbage-first heap   total 301056K, used 95246K [0x0000000700000000, 0x0000000800000000)
  region size 2048K, 7 young (14336K), 1 survivors (2048K)
 Metaspace       used 105442K, committed 106112K, reserved 1179648K
  class space    used 13335K, committed 13632K, reserved 1048576K
}
Event: 676.797 GC heap after
{Heap after GC invocations=150 (full 0):
 garbage-first heap   total 301056K, used 83193K [0x0000000700000000, 0x0000000800000000)
  region size 2048K, 1 young (2048K), 1 survivors (2048K)
 Metaspace       used 105442K, committed 106112K, reserved 1179648K
  class space    used 13335K, committed 13632K, reserved 1048576K
}
Event: 677.824 GC heap before
{Heap before GC invocations=150 (full 0):
 garbage-first heap   total 301056K, used 95481K [0x0000000700000000, 0x0000000800000000)
  region size 2048K, 7 young (14336K), 1 survivors (2048K)
 Metaspace       used 105487K, committed 106176K, reserved 1179648K
  class space    used 13335K, committed 13632K, reserved 1048576K
}
Event: 677.845 GC heap after
{Heap after GC invocations=151 (full 0):
 garbage-first heap   total 301056K, used 85198K [0x0000000700000000, 0x0000000800000000)
  region size 2048K, 1 young (2048K), 1 survivors (2048K)
 Metaspace       used 105487K, committed 106176K, reserved 1179648K
  class space    used 13335K, committed 13632K, reserved 1048576K
}
Event: 678.112 GC heap before
{Heap before GC invocations=151 (full 0):
 garbage-first heap   total 301056K, used 97486K [0x0000000700000000, 0x0000000800000000)
  region size 2048K, 7 young (14336K), 1 survivors (2048K)
 Metaspace       used 105587K, committed 106240K, reserved 1179648K
  class space    used 13336K, committed 13632K, reserved 1048576K
}
Event: 678.156 GC heap after
{Heap after GC invocations=152 (full 0):
 garbage-first heap   total 403456K, used 88046K [0x0000000700000000, 0x0000000800000000)
  region size 2048K, 1 young (2048K), 1 survivors (2048K)
 Metaspace       used 105587K, committed 106240K, reserved 1179648K
  class space    used 13336K, committed 13632K, reserved 1048576K
}
Event: 678.276 GC heap before
{Heap before GC invocations=152 (full 0):
 garbage-first heap   total 403456K, used 104430K [0x0000000700000000, 0x0000000800000000)
  region size 2048K, 9 young (18432K), 1 survivors (2048K)
 Metaspace       used 105602K, committed 106304K, reserved 1179648K
  class space    used 13336K, committed 13632K, reserved 1048576K
}
Event: 678.281 GC heap after
{Heap after GC invocations=153 (full 0):
 garbage-first heap   total 403456K, used 87872K [0x0000000700000000, 0x0000000800000000)
  region size 2048K, 1 young (2048K), 1 survivors (2048K)
 Metaspace       used 105602K, committed 106304K, reserved 1179648K
  class space    used 13336K, committed 13632K, reserved 1048576K
}
Event: 678.658 GC heap before
{Heap before GC invocations=153 (full 0):
 garbage-first heap   total 403456K, used 104256K [0x0000000700000000, 0x0000000800000000)
  region size 2048K, 9 young (18432K), 1 survivors (2048K)
 Metaspace       used 105780K, committed 106432K, reserved 1179648K
  class space    used 13336K, committed 13632K, reserved 1048576K
}
Event: 678.666 GC heap after
{Heap after GC invocations=154 (full 0):
 garbage-first heap   total 403456K, used 90094K [0x0000000700000000, 0x0000000800000000)
  region size 2048K, 2 young (4096K), 2 survivors (4096K)
 Metaspace       used 105780K, committed 106432K, reserved 1179648K
  class space    used 13336K, committed 13632K, reserved 1048576K
}
Event: 679.237 GC heap before
{Heap before GC invocations=154 (full 0):
 garbage-first heap   total 403456K, used 108526K [0x0000000700000000, 0x0000000800000000)
  region size 2048K, 11 young (22528K), 2 survivors (4096K)
 Metaspace       used 106025K, committed 106688K, reserved 1179648K
  class space    used 13357K, committed 13632K, reserved 1048576K
}
Event: 679.387 GC heap after
{Heap after GC invocations=155 (full 0):
 garbage-first heap   total 403456K, used 93097K [0x0000000700000000, 0x0000000800000000)
  region size 2048K, 2 young (4096K), 2 survivors (4096K)
 Metaspace       used 106025K, committed 106688K, reserved 1179648K
  class space    used 13357K, committed 13632K, reserved 1048576K
}
Event: 681.915 GC heap before
{Heap before GC invocations=155 (full 0):
 garbage-first heap   total 403456K, used 105385K [0x0000000700000000, 0x0000000800000000)
  region size 2048K, 9 young (18432K), 2 survivors (4096K)
 Metaspace       used 106992K, committed 107648K, reserved 1179648K
  class space    used 13475K, committed 13760K, reserved 1048576K
}

Dll operation events (15 events):
Event: 0.249 Loaded shared library C:\Users\SanjayS\AppData\Local\Programs\Eclipse Adoptium\jdk-17.0.18.8-hotspot\bin\java.dll
Event: 0.469 Loaded shared library C:\Users\SanjayS\AppData\Local\Programs\Eclipse Adoptium\jdk-17.0.18.8-hotspot\bin\jsvml.dll
Event: 1.095 Loaded shared library C:\Users\SanjayS\AppData\Local\Programs\Eclipse Adoptium\jdk-17.0.18.8-hotspot\bin\zip.dll
Event: 1.252 Loaded shared library C:\Users\SanjayS\AppData\Local\Programs\Eclipse Adoptium\jdk-17.0.18.8-hotspot\bin\instrument.dll
Event: 1.697 Loaded shared library C:\Users\SanjayS\AppData\Local\Programs\Eclipse Adoptium\jdk-17.0.18.8-hotspot\bin\net.dll
Event: 1.762 Loaded shared library C:\Users\SanjayS\AppData\Local\Programs\Eclipse Adoptium\jdk-17.0.18.8-hotspot\bin\nio.dll
Event: 1.769 Loaded shared library C:\Users\SanjayS\AppData\Local\Programs\Eclipse Adoptium\jdk-17.0.18.8-hotspot\bin\zip.dll
Event: 3.521 Loaded shared library C:\Users\SanjayS\AppData\Local\Programs\Eclipse Adoptium\jdk-17.0.18.8-hotspot\bin\jimage.dll
Event: 6.451 Loaded shared library C:\Users\SanjayS\AppData\Local\Programs\Eclipse Adoptium\jdk-17.0.18.8-hotspot\bin\verify.dll
Event: 17.347 Loaded shared library C:\Users\SanjayS\.gradle\native\1def1411415f61bf3af743bc5b6707747c0891f09f0c88961ee8f79bc544acac\windows-amd64\native-platform.dll
Event: 17.614 Loaded shared library C:\Users\SanjayS\.gradle\native\0.2.7\x86_64-windows-gnu\gradle-fileevents.dll
Event: 24.939 Loaded shared library C:\Users\SanjayS\AppData\Local\Programs\Eclipse Adoptium\jdk-17.0.18.8-hotspot\bin\management.dll
Event: 24.960 Loaded shared library C:\Users\SanjayS\AppData\Local\Programs\Eclipse Adoptium\jdk-17.0.18.8-hotspot\bin\management_ext.dll
Event: 26.929 Loaded shared library C:\Users\SanjayS\AppData\Local\Programs\Eclipse Adoptium\jdk-17.0.18.8-hotspot\bin\extnet.dll
Event: 28.218 Loaded shared library C:\Users\SanjayS\AppData\Local\Programs\Eclipse Adoptium\jdk-17.0.18.8-hotspot\bin\sunmscapi.dll

Deoptimization events (20 events):
Event: 681.091 Thread 0x000001cdcba09060 Uncommon trap: trap_request=0xffffffc6 fr.pc=0x000001cdb83b3ca4 relative=0x0000000000000084
Event: 681.091 Thread 0x000001cdcba09060 Uncommon trap: reason=bimorphic_or_optimized_type_check action=maybe_recompile pc=0x000001cdb83b3ca4 method=java.util.stream.StreamOpFlag.fromCharacteristics(Ljava/util/Spliterator;)I @ 14 c2
Event: 681.091 Thread 0x000001cdcba09060 DEOPT PACKING pc=0x000001cdb83b3ca4 sp=0x0000009d24cf6a50
Event: 681.091 Thread 0x000001cdcba09060 DEOPT UNPACKING pc=0x000001cdb794699d sp=0x0000009d24cf69e8 mode 2
Event: 681.091 Thread 0x000001cdcba09060 Uncommon trap: trap_request=0xffffffde fr.pc=0x000001cdb84170c8 relative=0x0000000000000828
Event: 681.091 Thread 0x000001cdcba09060 Uncommon trap: reason=class_check action=maybe_recompile pc=0x000001cdb84170c8 method=java.util.stream.ReferencePipeline$7$1.accept(Ljava/lang/Object;)V @ 13 c2
Event: 681.091 Thread 0x000001cdcba09060 DEOPT PACKING pc=0x000001cdb84170c8 sp=0x0000009d24cf69a0
Event: 681.091 Thread 0x000001cdcba09060 DEOPT UNPACKING pc=0x000001cdb794699d sp=0x0000009d24cf6968 mode 2
Event: 681.091 Thread 0x000001cdcba09060 Uncommon trap: trap_request=0xffffffde fr.pc=0x000001cdb84170c8 relative=0x0000000000000828
Event: 681.091 Thread 0x000001cdcba09060 Uncommon trap: reason=class_check action=maybe_recompile pc=0x000001cdb84170c8 method=java.util.stream.ReferencePipeline$7$1.accept(Ljava/lang/Object;)V @ 13 c2
Event: 681.091 Thread 0x000001cdcba09060 DEOPT PACKING pc=0x000001cdb84170c8 sp=0x0000009d24cf69a0
Event: 681.091 Thread 0x000001cdcba09060 DEOPT UNPACKING pc=0x000001cdb794699d sp=0x0000009d24cf6968 mode 2
Event: 681.157 Thread 0x000001cdcba09060 Uncommon trap: trap_request=0xffffffc6 fr.pc=0x000001cdb8423118 relative=0x00000000000001b8
Event: 681.157 Thread 0x000001cdcba09060 Uncommon trap: reason=bimorphic_or_optimized_type_check action=maybe_recompile pc=0x000001cdb8423118 method=java.util.Optional.ifPresent(Ljava/util/function/Consumer;)V @ 12 c2
Event: 681.157 Thread 0x000001cdcba09060 DEOPT PACKING pc=0x000001cdb8423118 sp=0x0000009d24cf6b10
Event: 681.157 Thread 0x000001cdcba09060 DEOPT UNPACKING pc=0x000001cdb794699d sp=0x0000009d24cf6aa8 mode 2
Event: 681.428 Thread 0x000001cdcba09060 Uncommon trap: trap_request=0xffffffde fr.pc=0x000001cdb80fe854 relative=0x00000000000030d4
Event: 681.428 Thread 0x000001cdcba09060 Uncommon trap: reason=class_check action=maybe_recompile pc=0x000001cdb80fe854 method=java.util.regex.Pattern$CharProperty.study(Ljava/util/regex/Pattern$TreeInfo;)Z @ 25 c2
Event: 681.428 Thread 0x000001cdcba09060 DEOPT PACKING pc=0x000001cdb80fe854 sp=0x0000009d24cf6e60
Event: 681.428 Thread 0x000001cdcba09060 DEOPT UNPACKING pc=0x000001cdb794699d sp=0x0000009d24cf6d58 mode 2

Classes loaded (20 events):
Event: 663.590 Loading class java/lang/ProcessBuilder
Event: 663.596 Loading class java/lang/ProcessBuilder done
Event: 667.490 Loading class java/io/CharArrayWriter
Event: 667.513 Loading class java/io/CharArrayWriter done
Event: 668.343 Loading class java/util/stream/Streams$RangeIntSpliterator
Event: 668.347 Loading class java/util/stream/Streams$RangeIntSpliterator done
Event: 668.573 Loading class jdk/internal/loader/URLClassPath$FileLoader
Event: 668.578 Loading class jdk/internal/loader/URLClassPath$FileLoader done
Event: 668.589 Loading class jdk/internal/loader/URLClassPath$FileLoader$1
Event: 668.590 Loading class jdk/internal/loader/URLClassPath$FileLoader$1 done
Event: 674.678 Loading class java/util/concurrent/RecursiveAction
Event: 674.685 Loading class java/util/concurrent/RecursiveAction done
Event: 675.229 Loading class java/util/DualPivotQuicksort
Event: 675.231 Loading class java/util/DualPivotQuicksort done
Event: 675.423 Loading class java/util/stream/ReduceOps$2
Event: 675.425 Loading class java/util/stream/ReduceOps$2 done
Event: 675.425 Loading class java/util/stream/ReduceOps$2ReducingSink
Event: 675.425 Loading class java/util/stream/ReduceOps$2ReducingSink done
Event: 675.487 Loading class java/lang/StringIndexOutOfBoundsException
Event: 675.488 Loading class java/lang/StringIndexOutOfBoundsException done

Classes unloaded (0 events):
No events

Classes redefined (0 events):
No events

Internal exceptions (20 events):
Event: 674.103 Thread 0x000001cdcba09060 Exception <a 'java/lang/NoSuchMethodError'{0x0000000711b3b828}: 'java.lang.Object java.lang.invoke.DirectMethodHandle$Holder.invokeStatic(java.lang.Object, long, java.lang.Object)'> (0x0000000711b3b828) 
thrown [s\src\hotspot\share\interpreter\linkResolver.cpp, line 759]
Event: 674.104 Thread 0x000001cdcba09060 Exception <a 'java/lang/NoSuchMethodError'{0x0000000711b43400}: 'java.lang.Object java.lang.invoke.DirectMethodHandle$Holder.newInvokeSpecial(java.lang.Object, long)'> (0x0000000711b43400) 
thrown [s\src\hotspot\share\interpreter\linkResolver.cpp, line 759]
Event: 674.145 Thread 0x000001cdcba09060 Exception <a 'java/lang/NoSuchMethodError'{0x0000000711bc96e8}: 'java.lang.Object java.lang.invoke.Invokers$Holder.linkToTargetMethod(java.lang.Object, java.lang.Object, java.lang.Object, java.lang.Object, long, java.lang.Object, java.lang.Object)'> (0x0000000711bc96e8) 
thrown [s\src\hotspot\share\interpreter\linkResolver.cpp, line 759]
Event: 674.151 Thread 0x000001cdcba09060 Exception <a 'java/lang/NoSuchMethodError'{0x000000071180fa80}: 'java.lang.Object java.lang.invoke.DirectMethodHandle$Holder.newInvokeSpecial(java.lang.Object, java.lang.Object, java.lang.Object, long, java.lang.Object)'> (0x000000071180fa80) 
thrown [s\src\hotspot\share\interpreter\linkResolver.cpp, line 759]
Event: 674.152 Thread 0x000001cdcba09060 Exception <a 'java/lang/NoSuchMethodError'{0x0000000711814678}: 'java.lang.Object java.lang.invoke.DirectMethodHandle$Holder.invokeSpecial(java.lang.Object, java.lang.Object, java.lang.Object, java.lang.Object, long, java.lang.Object)'> (0x0000000711814678) 
thrown [s\src\hotspot\share\interpreter\linkResolver.cpp, line 759]
Event: 674.152 Thread 0x000001cdcba09060 Exception <a 'java/lang/NoSuchMethodError'{0x0000000711818bb8}: 'java.lang.Object java.lang.invoke.Invokers$Holder.linkToTargetMethod(java.lang.Object, java.lang.Object, long, java.lang.Object, java.lang.Object)'> (0x0000000711818bb8) 
thrown [s\src\hotspot\share\interpreter\linkResolver.cpp, line 759]
Event: 675.204 Thread 0x000001cdcba09060 Exception <a 'java/lang/NoSuchMethodError'{0x0000000711c7ed78}: 'void java.lang.invoke.DirectMethodHandle$Holder.invokeInterface(java.lang.Object, java.lang.Object)'> (0x0000000711c7ed78) 
thrown [s\src\hotspot\share\interpreter\linkResolver.cpp, line 759]
Event: 675.239 Thread 0x000001cdcba09060 Exception <a 'java/lang/IncompatibleClassChangeError'{0x0000000711ce0a38}: Found class java.lang.Object, but interface was expected> (0x0000000711ce0a38) 
thrown [s\src\hotspot\share\interpreter\linkResolver.cpp, line 826]
Event: 675.849 Thread 0x000001cdcba09060 Exception <a 'sun/nio/fs/WindowsException'{0x0000000711b67508}> (0x0000000711b67508) 
thrown [s\src\hotspot\share\prims\jni.cpp, line 516]
Event: 675.852 Thread 0x000001cdcba09060 Exception <a 'sun/nio/fs/WindowsException'{0x0000000711b691d0}> (0x0000000711b691d0) 
thrown [s\src\hotspot\share\prims\jni.cpp, line 516]
Event: 675.855 Thread 0x000001cdcba09060 Exception <a 'sun/nio/fs/WindowsException'{0x0000000711b6ae88}> (0x0000000711b6ae88) 
thrown [s\src\hotspot\share\prims\jni.cpp, line 516]
Event: 675.859 Thread 0x000001cdcba09060 Exception <a 'sun/nio/fs/WindowsException'{0x0000000711b6c740}> (0x0000000711b6c740) 
thrown [s\src\hotspot\share\prims\jni.cpp, line 516]
Event: 676.627 Thread 0x000001cdcba09060 Exception <a 'sun/nio/fs/WindowsException'{0x0000000711a5bd90}> (0x0000000711a5bd90) 
thrown [s\src\hotspot\share\prims\jni.cpp, line 516]
Event: 676.641 Thread 0x000001cdcba09060 Exception <a 'sun/nio/fs/WindowsException'{0x0000000711a5e168}> (0x0000000711a5e168) 
thrown [s\src\hotspot\share\prims\jni.cpp, line 516]
Event: 680.755 Thread 0x000001cdcba09060 Exception <a 'sun/nio/fs/WindowsException'{0x00000007182730e8}> (0x00000007182730e8) 
thrown [s\src\hotspot\share\prims\jni.cpp, line 516]
Event: 680.755 Thread 0x000001cdcba09060 Exception <a 'sun/nio/fs/WindowsException'{0x0000000718274fd0}> (0x0000000718274fd0) 
thrown [s\src\hotspot\share\prims\jni.cpp, line 516]
Event: 680.850 Thread 0x000001cdcba09060 Exception <a 'sun/nio/fs/WindowsException'{0x000000071827dfa0}> (0x000000071827dfa0) 
thrown [s\src\hotspot\share\prims\jni.cpp, line 516]
Event: 680.891 Thread 0x000001cdcba09060 Exception <a 'sun/nio/fs/WindowsException'{0x0000000718286408}> (0x0000000718286408) 
thrown [s\src\hotspot\share\prims\jni.cpp, line 516]
Event: 681.003 Thread 0x000001cdcba09060 Exception <a 'sun/nio/fs/WindowsException'{0x00000007182949b8}> (0x00000007182949b8) 
thrown [s\src\hotspot\share\prims\jni.cpp, line 516]
Event: 681.037 Thread 0x000001cdcba09060 Exception <a 'sun/nio/fs/WindowsException'{0x000000071829d9d8}> (0x000000071829d9d8) 
thrown [s\src\hotspot\share\prims\jni.cpp, line 516]

VM Operations (20 events):
Event: 678.156 Executing VM operation: G1CollectForAllocation done
Event: 678.276 Executing VM operation: G1CollectForAllocation
Event: 678.281 Executing VM operation: G1CollectForAllocation done
Event: 678.658 Executing VM operation: G1CollectForAllocation
Event: 678.666 Executing VM operation: G1CollectForAllocation done
Event: 678.893 Executing VM operation: HandshakeAllThreads
Event: 678.893 Executing VM operation: HandshakeAllThreads done
Event: 679.160 Executing VM operation: ICBufferFull
Event: 679.160 Executing VM operation: ICBufferFull done
Event: 679.237 Executing VM operation: G1CollectForAllocation
Event: 679.387 Executing VM operation: G1CollectForAllocation done
Event: 679.656 Executing VM operation: ICBufferFull
Event: 679.657 Executing VM operation: ICBufferFull done
Event: 679.659 Executing VM operation: HandshakeAllThreads
Event: 679.660 Executing VM operation: HandshakeAllThreads done
Event: 680.668 Executing VM operation: Cleanup
Event: 680.668 Executing VM operation: Cleanup done
Event: 681.678 Executing VM operation: Cleanup
Event: 681.678 Executing VM operation: Cleanup done
Event: 681.915 Executing VM operation: G1CollectForAllocation

Memory protections (0 events):
No events

Nmethod flushes (20 events):
Event: 679.668 Thread 0x000001cdcb960020 flushing  nmethod 0x000001cdb084a390
Event: 679.668 Thread 0x000001cdcb960020 flushing  nmethod 0x000001cdb085d110
Event: 679.668 Thread 0x000001cdcb960020 flushing  nmethod 0x000001cdb08f6c90
Event: 679.668 Thread 0x000001cdcb960020 flushing  nmethod 0x000001cdb08fbd10
Event: 679.669 Thread 0x000001cdcb960020 flushing  nmethod 0x000001cdb0923710
Event: 679.669 Thread 0x000001cdcb960020 flushing  nmethod 0x000001cdb094d590
Event: 679.669 Thread 0x000001cdcb960020 flushing  nmethod 0x000001cdb09b7390
Event: 679.669 Thread 0x000001cdcb960020 flushing  nmethod 0x000001cdb09e7990
Event: 679.669 Thread 0x000001cdcb960020 flushing  nmethod 0x000001cdb0a1bf90
Event: 679.669 Thread 0x000001cdcb960020 flushing  nmethod 0x000001cdb0a1fb10
Event: 679.669 Thread 0x000001cdcb960020 flushing  nmethod 0x000001cdb0a24490
Event: 679.669 Thread 0x000001cdcb960020 flushing  nmethod 0x000001cdb0a27410
Event: 679.670 Thread 0x000001cdcb960020 flushing  nmethod 0x000001cdb0b48f10
Event: 679.670 Thread 0x000001cdcb960020 flushing  nmethod 0x000001cdb0b73190
Event: 679.670 Thread 0x000001cdcb960020 flushing  nmethod 0x000001cdb0baa210
Event: 679.670 Thread 0x000001cdcb960020 flushing  nmethod 0x000001cdb0bab610
Event: 679.671 Thread 0x000001cdcb960020 flushing  nmethod 0x000001cdb0c74d90
Event: 679.671 Thread 0x000001cdcb960020 flushing  nmethod 0x000001cdb0d00590
Event: 679.671 Thread 0x000001cdcb960020 flushing  nmethod 0x000001cdb0d01590
Event: 679.672 Thread 0x000001cdcb960020 flushing  nmethod 0x000001cdb0eed490

Events (20 events):
Event: 39.721 Thread 0x000001cdcba09060 Thread added: 0x000001ce134be240
Event: 71.135 Thread 0x000001cdcb7e8770 Thread added: 0x000001ce13102340
Event: 72.803 Thread 0x000001ce13102340 Thread exited: 0x000001ce13102340
Event: 72.936 Thread 0x000001cdcb7e8770 Thread added: 0x000001ce14aa2030
Event: 73.339 Thread 0x000001ce14aa2030 Thread exited: 0x000001ce14aa2030
Event: 73.527 Thread 0x000001cdcb7e8770 Thread added: 0x000001ce14946010
Event: 73.719 Thread 0x000001ce14946010 Thread exited: 0x000001ce14946010
Event: 73.735 Thread 0x000001cdcb7e8770 Thread added: 0x000001ce12989670
Event: 75.420 Thread 0x000001ce12989670 Thread exited: 0x000001ce12989670
Event: 77.283 Thread 0x000001cdcb7e3d90 Thread added: 0x000001ce110f0080
Event: 78.406 Thread 0x000001ce110f0080 Thread exited: 0x000001ce110f0080
Event: 78.447 Thread 0x000001cdcb7e8770 Thread added: 0x000001ce110f0080
Event: 80.266 Thread 0x000001ce110f0080 Thread exited: 0x000001ce110f0080
Event: 84.462 Thread 0x000001cdcb7e3d90 Thread added: 0x000001ce140e19e0
Event: 84.833 Thread 0x000001ce140e19e0 Thread exited: 0x000001ce140e19e0
Event: 669.282 Thread 0x000001cdcba09060 Thread added: 0x000001ce134c00a0
Event: 670.337 Thread 0x000001cdcba09060 Thread added: 0x000001ce134c1f00
Event: 672.381 Thread 0x000001cdcba09060 Thread added: 0x000001ce134c0ac0
Event: 673.002 Thread 0x000001cdcba09060 Thread added: 0x000001ce134c14e0
Event: 675.586 Thread 0x000001cdcba09060 Thread added: 0x000001ce134bdd30


Dynamic libraries:
0x00007ff76cae0000 - 0x00007ff76caee000 	C:\Users\SanjayS\AppData\Local\Programs\Eclipse Adoptium\jdk-17.0.18.8-hotspot\bin\java.exe
0x00007ff8f17b0000 - 0x00007ff8f19a8000 	C:\Windows\SYSTEM32\ntdll.dll
0x00007ff8f1480000 - 0x00007ff8f1542000 	C:\Windows\System32\KERNEL32.DLL
0x00007ff8ef370000 - 0x00007ff8ef666000 	C:\Windows\System32\KERNELBASE.dll
0x00007ff8eef70000 - 0x00007ff8ef070000 	C:\Windows\System32\ucrtbase.dll
0x00007ff8d9740000 - 0x00007ff8d975e000 	C:\Users\SanjayS\AppData\Local\Programs\Eclipse Adoptium\jdk-17.0.18.8-hotspot\bin\VCRUNTIME140.dll
0x00007ff8d9760000 - 0x00007ff8d9778000 	C:\Users\SanjayS\AppData\Local\Programs\Eclipse Adoptium\jdk-17.0.18.8-hotspot\bin\jli.dll
0x00007ff8ef950000 - 0x00007ff8efaf1000 	C:\Windows\System32\USER32.dll
0x00007ff8eeef0000 - 0x00007ff8eef12000 	C:\Windows\System32\win32u.dll
0x00007ff8f1240000 - 0x00007ff8f126b000 	C:\Windows\System32\GDI32.dll
0x00007ff8ef110000 - 0x00007ff8ef229000 	C:\Windows\System32\gdi32full.dll
0x00007ff8ef070000 - 0x00007ff8ef10d000 	C:\Windows\System32\msvcp_win.dll
0x00007ff8d9350000 - 0x00007ff8d95eb000 	C:\Windows\WinSxS\amd64_microsoft.windows.common-controls_6595b64144ccf1df_6.0.19041.6456_none_60b8a6cb71f64256\COMCTL32.dll
0x00007ff8efb00000 - 0x00007ff8efb9e000 	C:\Windows\System32\msvcrt.dll
0x00007ff8f0330000 - 0x00007ff8f035f000 	C:\Windows\System32\IMM32.DLL
0x000001cda6ec0000 - 0x000001cda6ed6000 	C:\Windows\System32\umppc20505.dll
0x000001cda86b0000 - 0x000001cda86c4000 	C:\Windows\System32\CsXumd64_20505.dll
0x00007ff8e6a00000 - 0x00007ff8e6a0c000 	C:\Users\SanjayS\AppData\Local\Programs\Eclipse Adoptium\jdk-17.0.18.8-hotspot\bin\vcruntime140_1.dll
0x00007ff8b6ea0000 - 0x00007ff8b6f2d000 	C:\Users\SanjayS\AppData\Local\Programs\Eclipse Adoptium\jdk-17.0.18.8-hotspot\bin\msvcp140.dll
0x00007ff866ab0000 - 0x00007ff86771b000 	C:\Users\SanjayS\AppData\Local\Programs\Eclipse Adoptium\jdk-17.0.18.8-hotspot\bin\server\jvm.dll
0x00007ff8f13c0000 - 0x00007ff8f1471000 	C:\Windows\System32\ADVAPI32.dll
0x00007ff8efba0000 - 0x00007ff8efc3f000 	C:\Windows\System32\sechost.dll
0x00007ff8f0bc0000 - 0x00007ff8f0ce0000 	C:\Windows\System32\RPCRT4.dll
0x00007ff8eee40000 - 0x00007ff8eee67000 	C:\Windows\System32\bcrypt.dll
0x00007ff8f1550000 - 0x00007ff8f15bb000 	C:\Windows\System32\WS2_32.dll
0x00007ff8eeca0000 - 0x00007ff8eeceb000 	C:\Windows\SYSTEM32\POWRPROF.dll
0x00007ff8e88b0000 - 0x00007ff8e88d7000 	C:\Windows\SYSTEM32\WINMM.dll
0x00007ff8e9970000 - 0x00007ff8e997a000 	C:\Windows\SYSTEM32\VERSION.dll
0x00007ff8eec80000 - 0x00007ff8eec92000 	C:\Windows\SYSTEM32\UMPDC.dll
0x00007ff8ec8a0000 - 0x00007ff8ec8b2000 	C:\Windows\SYSTEM32\kernel.appcore.dll
0x00007ff8d9bb0000 - 0x00007ff8d9bba000 	C:\Users\SanjayS\AppData\Local\Programs\Eclipse Adoptium\jdk-17.0.18.8-hotspot\bin\jimage.dll
0x00007ff8d8000000 - 0x00007ff8d8201000 	C:\Windows\SYSTEM32\DBGHELP.DLL
0x00007ff8d38d0000 - 0x00007ff8d3904000 	C:\Windows\SYSTEM32\dbgcore.DLL
0x00007ff8ef230000 - 0x00007ff8ef2b2000 	C:\Windows\System32\bcryptPrimitives.dll
0x00007ff8d97b0000 - 0x00007ff8d97be000 	C:\Users\SanjayS\AppData\Local\Programs\Eclipse Adoptium\jdk-17.0.18.8-hotspot\bin\instrument.dll
0x00007ff8d9710000 - 0x00007ff8d9735000 	C:\Users\SanjayS\AppData\Local\Programs\Eclipse Adoptium\jdk-17.0.18.8-hotspot\bin\java.dll
0x00007ff8ade60000 - 0x00007ff8adf37000 	C:\Users\SanjayS\AppData\Local\Programs\Eclipse Adoptium\jdk-17.0.18.8-hotspot\bin\jsvml.dll
0x00007ff8f0440000 - 0x00007ff8f0bb0000 	C:\Windows\System32\SHELL32.dll
0x00007ff8ecb80000 - 0x00007ff8ed325000 	C:\Windows\SYSTEM32\windows.storage.dll
0x00007ff8f0e80000 - 0x00007ff8f11d4000 	C:\Windows\System32\combase.dll
0x00007ff8ee790000 - 0x00007ff8ee7bb000 	C:\Windows\SYSTEM32\Wldp.dll
0x00007ff8f00b0000 - 0x00007ff8f017d000 	C:\Windows\System32\OLEAUT32.dll
0x00007ff8f0d60000 - 0x00007ff8f0e0d000 	C:\Windows\System32\SHCORE.dll
0x00007ff8f0e10000 - 0x00007ff8f0e6b000 	C:\Windows\System32\shlwapi.dll
0x00007ff8eed70000 - 0x00007ff8eed94000 	C:\Windows\SYSTEM32\profapi.dll
0x00007ff8c3ad0000 - 0x00007ff8c3ae8000 	C:\Users\SanjayS\AppData\Local\Programs\Eclipse Adoptium\jdk-17.0.18.8-hotspot\bin\zip.dll
0x00007ff8c4660000 - 0x00007ff8c467a000 	C:\Users\SanjayS\AppData\Local\Programs\Eclipse Adoptium\jdk-17.0.18.8-hotspot\bin\net.dll
0x00007ff8edd90000 - 0x00007ff8ede9a000 	C:\Windows\SYSTEM32\WINHTTP.dll
0x00007ff8ee4f0000 - 0x00007ff8ee55a000 	C:\Windows\system32\mswsock.dll
0x00007ff8c4130000 - 0x00007ff8c4146000 	C:\Users\SanjayS\AppData\Local\Programs\Eclipse Adoptium\jdk-17.0.18.8-hotspot\bin\nio.dll
0x00007ff8d95f0000 - 0x00007ff8d9600000 	C:\Users\SanjayS\AppData\Local\Programs\Eclipse Adoptium\jdk-17.0.18.8-hotspot\bin\verify.dll
0x00007ff8c2b70000 - 0x00007ff8c2b97000 	C:\Users\SanjayS\.gradle\native\1def1411415f61bf3af743bc5b6707747c0891f09f0c88961ee8f79bc544acac\windows-amd64\native-platform.dll
0x00007ff8b6e20000 - 0x00007ff8b6e98000 	C:\Users\SanjayS\.gradle\native\0.2.7\x86_64-windows-gnu\gradle-fileevents.dll
0x00007ff8d8380000 - 0x00007ff8d838a000 	C:\Users\SanjayS\AppData\Local\Programs\Eclipse Adoptium\jdk-17.0.18.8-hotspot\bin\management.dll
0x00007ff8d8250000 - 0x00007ff8d825c000 	C:\Users\SanjayS\AppData\Local\Programs\Eclipse Adoptium\jdk-17.0.18.8-hotspot\bin\management_ext.dll
0x00007ff8f13b0000 - 0x00007ff8f13b8000 	C:\Windows\System32\PSAPI.DLL
0x00007ff8ee1d0000 - 0x00007ff8ee20b000 	C:\Windows\SYSTEM32\IPHLPAPI.DLL
0x00007ff8f0bb0000 - 0x00007ff8f0bb8000 	C:\Windows\System32\NSI.dll
0x00007ff8e7f50000 - 0x00007ff8e7f67000 	C:\Windows\SYSTEM32\dhcpcsvc6.DLL
0x00007ff8e8ca0000 - 0x00007ff8e8cbd000 	C:\Windows\SYSTEM32\dhcpcsvc.DLL
0x00007ff8ee210000 - 0x00007ff8ee2da000 	C:\Windows\SYSTEM32\DNSAPI.dll
0x00007ff8d97c0000 - 0x00007ff8d97c9000 	C:\Users\SanjayS\AppData\Local\Programs\Eclipse Adoptium\jdk-17.0.18.8-hotspot\bin\extnet.dll
0x00007ff8ee6f0000 - 0x00007ff8ee708000 	C:\Windows\SYSTEM32\CRYPTSP.dll
0x00007ff8edd00000 - 0x00007ff8edd38000 	C:\Windows\system32\rsaenh.dll
0x00007ff8eed30000 - 0x00007ff8eed5e000 	C:\Windows\SYSTEM32\USERENV.dll
0x00007ff8ee6e0000 - 0x00007ff8ee6ec000 	C:\Windows\SYSTEM32\CRYPTBASE.dll
0x00007ff8e6a20000 - 0x00007ff8e6a2e000 	C:\Users\SanjayS\AppData\Local\Programs\Eclipse Adoptium\jdk-17.0.18.8-hotspot\bin\sunmscapi.dll
0x00007ff8ef670000 - 0x00007ff8ef7cd000 	C:\Windows\System32\CRYPT32.dll
0x00007ff8ee800000 - 0x00007ff8ee827000 	C:\Windows\SYSTEM32\ncrypt.dll
0x00007ff8ee7c0000 - 0x00007ff8ee7fb000 	C:\Windows\SYSTEM32\NTASN1.dll
0x00007ff8cd210000 - 0x00007ff8cd217000 	C:\Windows\system32\wshunix.dll

dbghelp: loaded successfully - version: 4.0.5 - missing functions: none
symbol engine: initialized successfully - sym options: 0x614 - pdb path: .;C:\Users\SanjayS\AppData\Local\Programs\Eclipse Adoptium\jdk-17.0.18.8-hotspot\bin;C:\Windows\SYSTEM32;C:\Windows\WinSxS\amd64_microsoft.windows.common-controls_6595b64144ccf1df_6.0.19041.6456_none_60b8a6cb71f64256;C:\Users\SanjayS\AppData\Local\Programs\Eclipse Adoptium\jdk-17.0.18.8-hotspot\bin\server;C:\Users\SanjayS\.gradle\native\1def1411415f61bf3af743bc5b6707747c0891f09f0c88961ee8f79bc544acac\windows-amd64;C:\Users\SanjayS\.gradle\native\0.2.7\x86_64-windows-gnu

VM Arguments:
jvm_args: -Djdk.tls.client.protocols=TLSv1.2,TLSv1.3 --add-opens=java.base/java.lang=ALL-UNNAMED --add-opens=java.base/java.lang.invoke=ALL-UNNAMED --add-opens=java.base/java.util=ALL-UNNAMED --add-opens=java.prefs/java.util.prefs=ALL-UNNAMED --add-exports=jdk.compiler/com.sun.tools.javac.api=ALL-UNNAMED --add-exports=jdk.compiler/com.sun.tools.javac.util=ALL-UNNAMED --add-opens=java.base/java.util=ALL-UNNAMED --add-opens=java.prefs/java.util.prefs=ALL-UNNAMED --add-opens=java.base/java.nio.charset=ALL-UNNAMED --add-opens=java.base/java.net=ALL-UNNAMED --add-opens=java.base/java.util.concurrent.atomic=ALL-UNNAMED --add-opens=java.xml/javax.xml.namespace=ALL-UNNAMED -Xmx4096m -Dfile.encoding=windows-1252 -Duser.country=IN -Duser.language=en -Duser.variant -javaagent:C:\Users\SanjayS\.gradle\wrapper\dists\gradle-8.14-all\c2qonpi39x1mddn7hk5gh9iqj\gradle-8.14\lib\agents\gradle-instrumentation-agent-8.14.jar 
java_command: org.gradle.launcher.daemon.bootstrap.GradleDaemon 8.14
java_class_path (initial): C:\Users\SanjayS\.gradle\wrapper\dists\gradle-8.14-all\c2qonpi39x1mddn7hk5gh9iqj\gradle-8.14\lib\gradle-daemon-main-8.14.jar
Launcher Type: SUN_STANDARD

[Global flags]
     intx CICompilerCount                          = 3                                         {product} {ergonomic}
     uint ConcGCThreads                            = 1                                         {product} {ergonomic}
     uint G1ConcRefinementThreads                  = 4                                         {product} {ergonomic}
   size_t G1HeapRegionSize                         = 2097152                                   {product} {ergonomic}
    uintx GCDrainStackTargetSize                   = 64                                        {product} {ergonomic}
   size_t InitialHeapSize                          = 132120576                                 {product} {ergonomic}
   size_t MarkStackSize                            = 4194304                                   {product} {ergonomic}
   size_t MaxHeapSize                              = 4294967296                                {product} {command line}
   size_t MaxNewSize                               = 2575302656                                {product} {ergonomic}
   size_t MinHeapDeltaBytes                        = 2097152                                   {product} {ergonomic}
   size_t MinHeapSize                              = 8388608                                   {product} {ergonomic}
    uintx NonNMethodCodeHeapSize                   = 5832780                                {pd product} {ergonomic}
    uintx NonProfiledCodeHeapSize                  = 122912730                              {pd product} {ergonomic}
    uintx ProfiledCodeHeapSize                     = 122912730                              {pd product} {ergonomic}
    uintx ReservedCodeCacheSize                    = 251658240                              {pd product} {ergonomic}
     bool SegmentedCodeCache                       = true                                      {product} {ergonomic}
   size_t SoftMaxHeapSize                          = 4294967296                             {manageable} {ergonomic}
     bool UseCompressedClassPointers               = true                           {product lp64_product} {ergonomic}
     bool UseCompressedOops                        = true                           {product lp64_product} {ergonomic}
     bool UseG1GC                                  = true                                      {product} {ergonomic}
     bool UseLargePagesIndividualAllocation        = false                                  {pd product} {ergonomic}

Logging:
Log output configuration:
 #0: stdout all=warning uptime,level,tags
 #1: stderr all=off uptime,level,tags

Environment Variables:
JAVA_HOME=C:\Users\SanjayS\AppData\Local\Programs\Eclipse Adoptium\jdk-17.0.18.8-hotspot
JAVA_TOOL_OPTIONS=-Djdk.tls.client.protocols=TLSv1.2,TLSv1.3
CLASSPATH=C:\Users\SanjayS\BurnhamEye\burnham_eye\android\\gradle\wrapper\gradle-wrapper.jar
PATH=C:\Users\SanjayS\AppData\Local\Programs\Eclipse Adoptium\jdk-17.0.18.8-hotspot\bin;C:\Users\SanjayS\flutter\bin\;C:\Program Files\Microsoft VS Code;C:\Python314\Scripts\;C:\Python314\;C:\Windows\system32;C:\Windows;C:\Windows\System32\Wbem;C:\Windows\System32\WindowsPowerShell\v1.0\;C:\Windows\System32\OpenSSH\;C:\Program Files\Microsoft VS Code\bin;C:\Program Files\PuTTY\;C:\Program Files\dotnet\;C:\xampp\php;C:\Program Files\nodejs\;C:\ProgramData\chocolatey\bin;C:\Program Files\WireGuard\;C:\Program Files\Git\cmd;C:\Users\SanjayS\flutter\bin;C:\Users\SanjayS\AppData\Local\Android\Sdk;C:\Users\SanjayS\AppData\Local\Android\Sdk\emulator;C:\Users\SanjayS\AppData\Local\Android\Sdk\platform-tools;C:\Users\SanjayS\Gradle\gradle-8.4\bin;C:\Users\SanjayS\AppData\Local\Android\Sdk\cmdline-tools\latest\bin;C:\Users\SanjayS\AppData\Local\Android\Sdk\platform-tools;C:\Python314\Scripts\;C:\Python314\;C:\Windows\system32;C:\Windows;C:\Windows\System32\Wbem;C:\Windows\System32\WindowsPowerShell\v1.0\;C:\Windows\System32\OpenSSH\;C:\Program Files\Microsoft VS Code\bin;C:\Program Files\PuTTY\;C:\Program Files\dotnet\;C:\xampp\php;C:\Program Files\nodejs\;C:\ProgramData\chocolatey\bin;C:\Program Files\WireGuard\;C:\Program Files\Git\cmd;C:\Users\SanjayS\flutter\bin;C:\Users\SanjayS\AppData\Local\Android\Sdk\platform-tools;C:\Users\SanjayS\AppData\Local\Android\Sdk\cmdline-tools\bin;C:\Users\SanjayS\AppData\Local\Programs\Eclipse Adoptium\jdk-17.0.18.8-hotspot;C:\Users\SanjayS\AppData\Local\Programs\Eclipse Adoptium\jdk-17.0.18.8-hotspot\bin;C:\Users\SanjayS\AppData\Local\Programs\Eclipse Adoptium\jdk-25.0.2.10-hotspot\bin;C:\Users\SanjayS\AppData\Local\Microsoft\WindowsApps;C:\Users\SanjayS\composer;C:\Users\SanjayS\AppData\Roaming\Composer\vendor\bin;C:\Users\SanjayS\flutter\bin\mingit\cmd
USERNAME=SanjayS
LANG=en_US.UTF-8
OS=Windows_NT
PROCESSOR_IDENTIFIER=Intel64 Family 6 Model 165 Stepping 3, GenuineIntel
TMP=C:\Users\SanjayS\AppData\Local\Temp
TEMP=C:\Users\SanjayS\AppData\Local\Temp



Periodic native trim disabled


---------------  S Y S T E M  ---------------

OS:
 Windows 10 , 64 bit Build 19041 (10.0.19041.5915)
OS uptime: 1 days 1:35 hours

CPU: total 4 (initial active 4) (2 cores per cpu, 2 threads per core) family 6 model 165 stepping 3 microcode 0xe0, cx8, cmov, fxsr, ht, mmx, 3dnowpref, sse, sse2, sse3, ssse3, sse4.1, sse4.2, popcnt, lzcnt, tsc, tscinvbit, aes, erms, clmul, clflush, clflushopt
Processor Information for all 4 processors :
  Max Mhz: 4008, Current Mhz: 4008, Mhz Limit: 4008

Memory: 4k page, system-wide physical 8058M (70M free)
TotalPageFile size 22264M (AvailPageFile size 92M)
current process WorkingSet (physical memory assigned to process): 355M, peak: 401M
current process commit charge ("private bytes"): 802M, peak: 1112M

vm_info: OpenJDK 64-Bit Server VM (17.0.18+8) for windows-amd64 JRE (17.0.18+8), built on Jan 20 2026 22:28:22 by "admin" with MS VC++ 17.12 (VS2022)

END.
